Log file open, 09/30/22 15:34:39
LogWindows: Failed to load 'aqProf.dll' (GetLastError=126)
LogWindows: File 'aqProf.dll' does not exist
LogWindows: Failed to load 'VtuneApi.dll' (GetLastError=126)
LogWindows: File 'VtuneApi.dll' does not exist
LogWindows: Failed to load 'VtuneApi32e.dll' (GetLastError=126)
LogWindows: File 'VtuneApi32e.dll' does not exist
LogConsoleResponse: Display: Failed to find resolution value strings in scalability ini. Falling back to default.
LogConsoleResponse: Display: Failed to find resolution value strings in scalability ini. Falling back to default.
LogInit: Display: Running engine for game: Zero2Hero
LogPlatformFile: Not using cached read wrapper
LogTaskGraph: Started task graph with 5 named threads and 23 total threads with 3 sets of task threads.
LogStats: Stats thread started at 0.467046
LogICUInternationalization: ICU TimeZone Detection - Raw Offset: +0:00, Platform Override: ''
LogInit: Display: Loading text-based GConfig....
LogPluginManager: Mounting plugin MeshPainting
LogPluginManager: Mounting plugin XGEController
LogPluginManager: Mounting plugin AISupport
LogPluginManager: Mounting plugin LightPropagationVolume
LogPluginManager: Mounting plugin Paper2D
LogPluginManager: Mounting plugin EnvironmentQueryEditor
LogPluginManager: Mounting plugin LiveLink
LogPluginManager: Mounting plugin CameraShakePreviewer
LogPluginManager: Mounting plugin OodleData
LogPluginManager: Mounting plugin GameplayCameras
LogPluginManager: Mounting plugin OodleNetwork
LogPluginManager: Mounting plugin AnimationSharing
LogPluginManager: Mounting plugin CLionSourceCodeAccess
LogPluginManager: Mounting plugin CodeLiteSourceCodeAccess
LogPluginManager: Mounting plugin GitSourceControl
LogPluginManager: Mounting plugin KDevelopSourceCodeAccess
LogPluginManager: Mounting plugin NullSourceCodeAccess
LogPluginManager: Mounting plugin PlasticSourceControl
LogPluginManager: Mounting plugin PerforceSourceControl
LogPluginManager: Mounting plugin PluginUtils
LogPluginManager: Mounting plugin PropertyAccessNode
LogPluginManager: Mounting plugin RiderSourceCodeAccess
LogPluginManager: Mounting plugin SubversionSourceControl
LogPluginManager: Mounting plugin PixWinPlugin
LogPluginManager: Mounting plugin TextureFormatOodle
LogPluginManager: Mounting plugin UObjectPlugin
LogPluginManager: Mounting plugin VisualStudioCodeSourceCodeAccess
LogPluginManager: Mounting plugin VisualStudioSourceCodeAccess
LogPluginManager: Mounting plugin AssetManagerEditor
LogPluginManager: Mounting plugin XCodeSourceCodeAccess
LogPluginManager: Mounting plugin CryptoKeys
LogPluginManager: Mounting plugin CurveEditorTools
LogPluginManager: Mounting plugin FacialAnimation
LogPluginManager: Mounting plugin DataValidation
LogPluginManager: Mounting plugin GameplayTagsEditor
LogPluginManager: Mounting plugin GeometryMode
LogPluginManager: Mounting plugin MacGraphicsSwitching
LogPluginManager: Mounting plugin MaterialAnalyzer
LogPluginManager: Mounting plugin MobileLauncherProfileWizard
LogPluginManager: Mounting plugin PluginBrowser
LogPluginManager: Mounting plugin SpeedTreeImporter
LogPluginManager: Mounting plugin DatasmithContent
LogPluginManager: Mounting plugin VariantManagerContent
LogPluginManager: Mounting plugin Niagara
LogPluginManager: Mounting plugin AlembicImporter
LogPluginManager: Mounting plugin AutomationUtils
LogPluginManager: Mounting plugin BackChannel
LogPluginManager: Mounting plugin ChaosCloth
LogPluginManager: Mounting plugin ChaosClothEditor
LogPluginManager: Mounting plugin ChaosEditor
LogPluginManager: Mounting plugin ChaosNiagara
LogPluginManager: Mounting plugin ChaosSolverPlugin
LogPluginManager: Mounting plugin CharacterAI
LogPluginManager: Mounting plugin MagicLeap
LogPluginManager: Mounting plugin LuminPlatformFeatures
LogPluginManager: Mounting plugin MagicLeapLightEstimation
LogPluginManager: Mounting plugin MagicLeapMedia
LogPluginManager: Mounting plugin MagicLeapPassableWorld
LogPluginManager: Mounting plugin MLSDK
LogPluginManager: Mounting plugin GeometryCache
LogPluginManager: Mounting plugin GeometryCollectionPlugin
LogPluginManager: Mounting plugin GeometryProcessing
LogPluginManager: Mounting plugin AndroidMedia
LogPluginManager: Mounting plugin MotoSynth
LogPluginManager: Mounting plugin AvfMedia
LogPluginManager: Mounting plugin OpenImageDenoise
LogPluginManager: Mounting plugin PlanarCut
LogPluginManager: Mounting plugin PlatformCrypto
LogPluginManager: Mounting plugin ProxyLODPlugin
LogPluginManager: Mounting plugin PythonScriptPlugin
LogPluginManager: Mounting plugin ImgMedia
LogPluginManager: Mounting plugin MediaCompositing
LogPluginManager: Mounting plugin MediaPlayerEditor
LogPluginManager: Mounting plugin WebMMedia
LogPluginManager: Mounting plugin WmfMedia
LogPluginManager: Mounting plugin SkeletalReduction
LogPluginManager: Mounting plugin UdpMessaging
LogPluginManager: Mounting plugin TcpMessaging
LogPluginManager: Mounting plugin ActorSequence
LogPluginManager: Mounting plugin LevelSequenceEditor
LogPluginManager: Mounting plugin MatineeToLevelSequence
LogPluginManager: Mounting plugin TemplateSequence
LogPluginManager: Mounting plugin OnlineSubsystem
LogPluginManager: Mounting plugin OnlineSubsystemNull
LogPluginManager: Mounting plugin OnlineSubsystemUtils
LogPluginManager: Mounting plugin ActorLayerUtilities
LogPluginManager: Mounting plugin AndroidDeviceProfileSelector
LogPluginManager: Mounting plugin AndroidPermission
LogPluginManager: Mounting plugin AndroidMoviePlayer
LogPluginManager: Mounting plugin LauncherChunkInstaller
LogPluginManager: Mounting plugin AppleImageUtils
LogPluginManager: Mounting plugin AppleMoviePlayer
LogPluginManager: Mounting plugin ArchVisCharacter
LogPluginManager: Mounting plugin AssetTags
LogPluginManager: Mounting plugin AudioCapture
LogPluginManager: Mounting plugin AudioSynesthesia
LogPluginManager: Mounting plugin ChunkDownloader
LogPluginManager: Mounting plugin CustomMeshComponent
LogPluginManager: Mounting plugin EditableMesh
LogPluginManager: Mounting plugin ExampleDeviceProfileSelector
LogPluginManager: Mounting plugin CableComponent
LogPluginManager: Mounting plugin GoogleCloudMessaging
LogPluginManager: Mounting plugin GooglePAD
LogPluginManager: Mounting plugin IOSDeviceProfileSelector
LogPluginManager: Mounting plugin LinuxDeviceProfileSelector
LogPluginManager: Mounting plugin LocationServicesBPLibrary
LogPluginManager: Mounting plugin MobilePatchingUtils
LogPluginManager: Mounting plugin OpenXR
LogPluginManager: Mounting plugin OpenXREyeTracker
LogPluginManager: Mounting plugin OpenXRHandTracking
LogPluginManager: Mounting plugin PhysXVehicles
LogPluginManager: Mounting plugin PropertyAccessEditor
LogPluginManager: Mounting plugin ProceduralMeshComponent
LogPluginManager: Mounting plugin PostSplashScreen
LogPluginManager: Mounting plugin SignificanceManager
LogPluginManager: Mounting plugin SoundFields
LogPluginManager: Mounting plugin RuntimePhysXCooking
LogPluginManager: Mounting plugin Synthesis
LogPluginManager: Mounting plugin ScreenshotTools
LogPluginManager: Mounting plugin WebMMoviePlayer
LogPluginManager: Mounting plugin WindowsMoviePlayer
LogPluginManager: Mounting plugin Takes
LogPluginManager: Mounting plugin ContentBrowserAssetDataSource
LogPluginManager: Mounting plugin ContentBrowserClassDataSource
LogPluginManager: Mounting plugin ContentBrowserFileDataSource
LogPluginManager: Mounting plugin OnlineSubsystemGooglePlay
LogPluginManager: Mounting plugin OnlineSubsystemIOS
LogPluginManager: Mounting plugin OculusVR
LogPluginManager: Mounting plugin SteamVR
Launching UnrealBuildTool... [C:/Program Files/Epic Games/UE_4.27/Engine/Binaries/DotNET/UnrealBuildTool.exe -Mode=QueryTargets -Project="C:/Users/Cameron Chester/Documents/GitHub/Zero2Hero/Zero2Hero/Zero2Hero.uproject" -Output="C:/Users/Cameron Chester/Documents/GitHub/Zero2Hero/Zero2Hero/Intermediate/TargetInfo.json"]
PixWinPlugin: PIX capture plugin failed to initialize! Check that the process is launched from PIX.
LogInit: Using libcurl 7.55.1-DEV
LogInit:  - built for x86_64-pc-win32
LogInit:  - supports SSL with OpenSSL/1.1.1
LogInit:  - supports HTTP deflate (compression) using libz 1.2.8
LogInit:  - other features:
LogInit:      CURL_VERSION_SSL
LogInit:      CURL_VERSION_LIBZ
LogInit:      CURL_VERSION_IPV6
LogInit:      CURL_VERSION_ASYNCHDNS
LogInit:      CURL_VERSION_LARGEFILE
LogInit:      CURL_VERSION_IDN
LogInit:  CurlRequestOptions (configurable via config and command line):
LogInit:  - bVerifyPeer = true  - Libcurl will verify peer certificate
LogInit:  - bUseHttpProxy = false  - Libcurl will NOT use HTTP proxy
LogInit:  - bDontReuseConnections = false  - Libcurl will reuse connections
LogInit:  - MaxHostConnections = 16  - Libcurl will limit the number of connections to a host
LogInit:  - LocalHostAddr = Default
LogInit:  - BufferSize = 65536
LogOnline: OSS: Creating online subsystem instance for: NULL
LogInit: WinSock: version 1.1 (2.2), MaxSocks=32767, MaxUdp=65467
LogOnline: OSS: TryLoadSubsystemAndSetDefault: Loaded subsystem for module [NULL]
LogOculusPluginWrapper: OculusPlugin initialized successfully
LogHMD: Failed initializing OVRPlugin 1.59.0
LogInit: Build: ++UE4+Release-4.27-CL-18319896
LogInit: Engine Version: 4.27.2-18319896+++UE4+Release-4.27
LogInit: Compatible Engine Version: 4.27.0-17155196+++UE4+Release-4.27
LogInit: Net CL: 17155196
LogInit: OS: Windows 10 (Release 2009) (), CPU: Intel(R) Core(TM) i5-8300H CPU @ 2.30GHz, GPU: Intel(R) UHD Graphics 630
LogInit: Compiled (64-bit): Nov 30 2021 07:12:08
LogInit: Compiled with Visual C++: 19.24.28315.00
LogInit: Build Configuration: Development
LogInit: Branch Name: ++UE4+Release-4.27
LogInit: Command Line:  -EpicPortal -epicusername=SharpyC -epicuserid=361f0cb1c1824c358ec4bf9f64e0d18e -epiclocale=en -epicsandboxid=ue
LogInit: Base Directory: C:/Program Files/Epic Games/UE_4.27/Engine/Binaries/Win64/
LogInit: Allocator: TBB
LogInit: Installed Engine Build: 1
LogDevObjectVersion: Number of dev versions registered: 29
LogDevObjectVersion:   Dev-Blueprints (B0D832E4-1F89-4F0D-ACCF-7EB736FD4AA2): 10
LogDevObjectVersion:   Dev-Build (E1C64328-A22C-4D53-A36C-8E866417BD8C): 0
LogDevObjectVersion:   Dev-Core (375EC13C-06E4-48FB-B500-84F0262A717E): 4
LogDevObjectVersion:   Dev-Editor (E4B068ED-F494-42E9-A231-DA0B2E46BB41): 40
LogDevObjectVersion:   Dev-Framework (CFFC743F-43B0-4480-9391-14DF171D2073): 37
LogDevObjectVersion:   Dev-Mobile (B02B49B5-BB20-44E9-A304-32B752E40360): 3
LogDevObjectVersion:   Dev-Networking (A4E4105C-59A1-49B5-A7C5-40C4547EDFEE): 0
LogDevObjectVersion:   Dev-Online (39C831C9-5AE6-47DC-9A44-9C173E1C8E7C): 0
LogDevObjectVersion:   Dev-Physics (78F01B33-EBEA-4F98-B9B4-84EACCB95AA2): 14
LogDevObjectVersion:   Dev-Platform (6631380F-2D4D-43E0-8009-CF276956A95A): 0
LogDevObjectVersion:   Dev-Rendering (12F88B9F-8875-4AFC-A67C-D90C383ABD29): 45
LogDevObjectVersion:   Dev-Sequencer (7B5AE74C-D270-4C10-A958-57980B212A5A): 13
LogDevObjectVersion:   Dev-VR (D7296918-1DD6-4BDD-9DE2-64A83CC13884): 3
LogDevObjectVersion:   Dev-LoadTimes (C2A15278-BFE7-4AFE-6C17-90FF531DF755): 1
LogDevObjectVersion:   Private-Geometry (6EACA3D4-40EC-4CC1-B786-8BED09428FC5): 3
LogDevObjectVersion:   Dev-AnimPhys (29E575DD-E0A3-4627-9D10-D276232CDCEA): 17
LogDevObjectVersion:   Dev-Anim (AF43A65D-7FD3-4947-9873-3E8ED9C1BB05): 15
LogDevObjectVersion:   Dev-ReflectionCapture (6B266CEC-1EC7-4B8F-A30B-E4D90942FC07): 1
LogDevObjectVersion:   Dev-Automation (0DF73D61-A23F-47EA-B727-89E90C41499A): 1
LogDevObjectVersion:   FortniteMain (601D1886-AC64-4F84-AA16-D3DE0DEAC7D6): 47
LogDevObjectVersion:   FortniteRelease (E7086368-6B23-4C58-8439-1B7016265E91): 1
LogDevObjectVersion:   Dev-Enterprise (9DFFBCD6-494F-0158-E221-12823C92A888): 10
LogDevObjectVersion:   Dev-Niagara (F2AED0AC-9AFE-416F-8664-AA7FFA26D6FC): 1
LogDevObjectVersion:   Dev-Destruction (174F1F0B-B4C6-45A5-B13F-2EE8D0FB917D): 10
LogDevObjectVersion:   Dev-Physics-Ext (35F94A83-E258-406C-A318-09F59610247C): 41
LogDevObjectVersion:   Dev-PhysicsMaterial-Chaos (B68FC16E-8B1B-42E2-B453-215C058844FE): 1
LogDevObjectVersion:   Dev-CineCamera (B2E18506-4273-CFC2-A54E-F4BB758BBA07): 1
LogDevObjectVersion:   Dev-VirtualProduction (64F58936-FD1B-42BA-BA96-7289D5D0FA4E): 1
LogDevObjectVersion:   Dev-MediaFramework (6F0ED827-A609-4895-9C91-998D90180EA4): 2
LogInit: Presizing for max 25165824 objects, including 0 objects not considered by GC, pre-allocating 0 bytes for permanent pool.
LogConfig: Applying CVar settings from Section [/Script/Engine.StreamingSettings] File [C:/Users/Cameron Chester/Documents/GitHub/Zero2Hero/Zero2Hero/Saved/Config/Windows/Engine.ini]
LogConfig: Setting CVar [[s.MinBulkDataSizeForAsyncLoading:131072]]
LogConfig: Setting CVar [[s.AsyncLoadingThreadEnabled:0]]
LogConfig: Setting CVar [[s.EventDrivenLoaderEnabled:1]]
LogConfig: Setting CVar [[s.WarnIfTimeLimitExceeded:0]]
LogConfig: Setting CVar [[s.TimeLimitExceededMultiplier:1.5]]
LogConfig: Setting CVar [[s.TimeLimitExceededMinTime:0.005]]
LogConfig: Setting CVar [[s.UseBackgroundLevelStreaming:1]]
LogConfig: Setting CVar [[s.PriorityAsyncLoadingExtraTime:15.0]]
LogConfig: Setting CVar [[s.LevelStreamingActorsUpdateTimeLimit:5.0]]
LogConfig: Setting CVar [[s.PriorityLevelStreamingActorsUpdateExtraTime:5.0]]
LogConfig: Setting CVar [[s.LevelStreamingComponentsRegistrationGranularity:10]]
LogConfig: Setting CVar [[s.UnregisterComponentsTimeLimit:1.0]]
LogConfig: Setting CVar [[s.LevelStreamingComponentsUnregistrationGranularity:5]]
LogConfig: Setting CVar [[s.FlushStreamingOnExit:1]]
LogInit: Object subsystem initialized
LogConfig: Setting CVar [[con.DebugEarlyDefault:1]]
LogConfig: Setting CVar [[r.setres:1280x720]]
[2022.09.30-14.34.42:963][  0]LogConfig: Setting CVar [[r.VSync:0]]
[2022.09.30-14.34.42:963][  0]LogConfig: Setting CVar [[r.RHICmdBypass:0]]
[2022.09.30-14.34.42:963][  0]LogConfig: Applying CVar settings from Section [/Script/Engine.RendererSettings] File [C:/Users/Cameron Chester/Documents/GitHub/Zero2Hero/Zero2Hero/Saved/Config/Windows/Engine.ini]
[2022.09.30-14.34.42:963][  0]LogConfig: Setting CVar [[r.GPUCrashDebugging:0]]
[2022.09.30-14.34.42:963][  0]LogConfig: Applying CVar settings from Section [/Script/Engine.RendererOverrideSettings] File [C:/Users/Cameron Chester/Documents/GitHub/Zero2Hero/Zero2Hero/Saved/Config/Windows/Engine.ini]
[2022.09.30-14.34.42:963][  0]LogConfig: Applying CVar settings from Section [/Script/Engine.StreamingSettings] File [C:/Users/Cameron Chester/Documents/GitHub/Zero2Hero/Zero2Hero/Saved/Config/Windows/Engine.ini]
[2022.09.30-14.34.42:963][  0]LogConfig: Setting CVar [[s.MinBulkDataSizeForAsyncLoading:131072]]
[2022.09.30-14.34.42:963][  0]LogConfig: Setting CVar [[s.AsyncLoadingThreadEnabled:0]]
[2022.09.30-14.34.42:963][  0]LogConfig: Setting CVar [[s.EventDrivenLoaderEnabled:1]]
[2022.09.30-14.34.42:963][  0]LogConfig: Setting CVar [[s.WarnIfTimeLimitExceeded:0]]
[2022.09.30-14.34.42:963][  0]LogConfig: Setting CVar [[s.TimeLimitExceededMultiplier:1.5]]
[2022.09.30-14.34.42:963][  0]LogConfig: Setting CVar [[s.TimeLimitExceededMinTime:0.005]]
[2022.09.30-14.34.42:963][  0]LogConfig: Setting CVar [[s.UseBackgroundLevelStreaming:1]]
[2022.09.30-14.34.42:963][  0]LogConfig: Setting CVar [[s.PriorityAsyncLoadingExtraTime:15.0]]
[2022.09.30-14.34.42:963][  0]LogConfig: Setting CVar [[s.LevelStreamingActorsUpdateTimeLimit:5.0]]
[2022.09.30-14.34.42:963][  0]LogConfig: Setting CVar [[s.PriorityLevelStreamingActorsUpdateExtraTime:5.0]]
[2022.09.30-14.34.42:963][  0]LogConfig: Setting CVar [[s.LevelStreamingComponentsRegistrationGranularity:10]]
[2022.09.30-14.34.42:963][  0]LogConfig: Setting CVar [[s.UnregisterComponentsTimeLimit:1.0]]
[2022.09.30-14.34.42:964][  0]LogConfig: Setting CVar [[s.LevelStreamingComponentsUnregistrationGranularity:5]]
[2022.09.30-14.34.42:964][  0]LogConfig: Setting CVar [[s.FlushStreamingOnExit:1]]
[2022.09.30-14.34.42:964][  0]LogConfig: Applying CVar settings from Section [/Script/Engine.GarbageCollectionSettings] File [C:/Users/Cameron Chester/Documents/GitHub/Zero2Hero/Zero2Hero/Saved/Config/Windows/Engine.ini]
[2022.09.30-14.34.42:964][  0]LogConfig: Setting CVar [[gc.MaxObjectsNotConsideredByGC:1]]
[2022.09.30-14.34.42:964][  0]LogConfig: Setting CVar [[gc.SizeOfPermanentObjectPool:0]]
[2022.09.30-14.34.42:964][  0]LogConfig: Setting CVar [[gc.FlushStreamingOnGC:0]]
[2022.09.30-14.34.42:964][  0]LogConfig: Setting CVar [[gc.NumRetriesBeforeForcingGC:10]]
[2022.09.30-14.34.42:964][  0]LogConfig: Setting CVar [[gc.AllowParallelGC:1]]
[2022.09.30-14.34.42:964][  0]LogConfig: Setting CVar [[gc.TimeBetweenPurgingPendingKillObjects:61.1]]
[2022.09.30-14.34.42:964][  0]LogConfig: Setting CVar [[gc.MaxObjectsInEditor:25165824]]
[2022.09.30-14.34.42:964][  0]LogConfig: Setting CVar [[gc.IncrementalBeginDestroyEnabled:1]]
[2022.09.30-14.34.42:964][  0]LogConfig: Setting CVar [[gc.CreateGCClusters:1]]
[2022.09.30-14.34.42:964][  0]LogConfig: Setting CVar [[gc.MinGCClusterSize:5]]
[2022.09.30-14.34.42:964][  0]LogConfig: Setting CVar [[gc.ActorClusteringEnabled:0]]
[2022.09.30-14.34.42:964][  0]LogConfig: Setting CVar [[gc.BlueprintClusteringEnabled:0]]
[2022.09.30-14.34.42:964][  0]LogConfig: Setting CVar [[gc.UseDisregardForGCOnDedicatedServers:0]]
[2022.09.30-14.34.42:964][  0]LogConfig: Setting CVar [[gc.MultithreadedDestructionEnabled:1]]
[2022.09.30-14.34.42:964][  0]LogConfig: Applying CVar settings from Section [/Script/Engine.NetworkSettings] File [C:/Users/Cameron Chester/Documents/GitHub/Zero2Hero/Zero2Hero/Saved/Config/Windows/Engine.ini]
[2022.09.30-14.34.42:964][  0]LogConfig: Applying CVar settings from Section [/Script/UnrealEd.CookerSettings] File [C:/Users/Cameron Chester/Documents/GitHub/Zero2Hero/Zero2Hero/Saved/Config/Windows/Engine.ini]
[2022.09.30-14.34.42:976][  0]LogConfig: Applying CVar settings from Section [ViewDistanceQuality@3] File [C:/Users/Cameron Chester/Documents/GitHub/Zero2Hero/Zero2Hero/Saved/Config/Windows/Scalability.ini]
[2022.09.30-14.34.42:976][  0]LogConfig: Setting CVar [[r.SkeletalMeshLODBias:0]]
[2022.09.30-14.34.42:976][  0]LogConfig: Setting CVar [[r.ViewDistanceScale:1.0]]
[2022.09.30-14.34.42:976][  0]LogConfig: Applying CVar settings from Section [AntiAliasingQuality@3] File [C:/Users/Cameron Chester/Documents/GitHub/Zero2Hero/Zero2Hero/Saved/Config/Windows/Scalability.ini]
[2022.09.30-14.34.42:976][  0]LogConfig: Setting CVar [[r.PostProcessAAQuality:4]]
[2022.09.30-14.34.42:976][  0]LogConfig: Applying CVar settings from Section [ShadowQuality@3] File [C:/Users/Cameron Chester/Documents/GitHub/Zero2Hero/Zero2Hero/Saved/Config/Windows/Scalability.ini]
[2022.09.30-14.34.42:976][  0]LogConfig: Setting CVar [[r.LightFunctionQuality:1]]
[2022.09.30-14.34.42:976][  0]LogConfig: Setting CVar [[r.ShadowQuality:5]]
[2022.09.30-14.34.42:976][  0]LogConfig: Setting CVar [[r.Shadow.CSM.MaxCascades:10]]
[2022.09.30-14.34.42:976][  0]LogConfig: Setting CVar [[r.Shadow.MaxResolution:2048]]
[2022.09.30-14.34.42:976][  0]LogConfig: Setting CVar [[r.Shadow.MaxCSMResolution:2048]]
[2022.09.30-14.34.42:976][  0]LogConfig: Setting CVar [[r.Shadow.RadiusThreshold:0.01]]
[2022.09.30-14.34.42:976][  0]LogConfig: Setting CVar [[r.Shadow.DistanceScale:1.0]]
[2022.09.30-14.34.42:976][  0]LogConfig: Setting CVar [[r.Shadow.CSM.TransitionScale:1.0]]
[2022.09.30-14.34.42:976][  0]LogConfig: Setting CVar [[r.Shadow.PreShadowResolutionFactor:1.0]]
[2022.09.30-14.34.42:976][  0]LogConfig: Setting CVar [[r.DistanceFieldShadowing:1]]
[2022.09.30-14.34.42:976][  0]LogConfig: Setting CVar [[r.DistanceFieldAO:1]]
[2022.09.30-14.34.42:976][  0]LogConfig: Setting CVar [[r.AOQuality:2]]
[2022.09.30-14.34.42:976][  0]LogConfig: Setting CVar [[r.VolumetricFog:1]]
[2022.09.30-14.34.42:976][  0]LogConfig: Setting CVar [[r.VolumetricFog.GridPixelSize:8]]
[2022.09.30-14.34.42:976][  0]LogConfig: Setting CVar [[r.VolumetricFog.GridSizeZ:128]]
[2022.09.30-14.34.42:976][  0]LogConfig: Setting CVar [[r.VolumetricFog.HistoryMissSupersampleCount:4]]
[2022.09.30-14.34.42:976][  0]LogConfig: Setting CVar [[r.LightMaxDrawDistanceScale:1]]
[2022.09.30-14.34.42:976][  0]LogConfig: Setting CVar [[r.CapsuleShadows:1]]
[2022.09.30-14.34.42:976][  0]LogConfig: Applying CVar settings from Section [PostProcessQuality@3] File [C:/Users/Cameron Chester/Documents/GitHub/Zero2Hero/Zero2Hero/Saved/Config/Windows/Scalability.ini]
[2022.09.30-14.34.42:976][  0]LogConfig: Setting CVar [[r.MotionBlurQuality:4]]
[2022.09.30-14.34.42:976][  0]LogConfig: Setting CVar [[r.AmbientOcclusionMipLevelFactor:0.4]]
[2022.09.30-14.34.42:976][  0]LogConfig: Setting CVar [[r.AmbientOcclusionMaxQuality:100]]
[2022.09.30-14.34.42:976][  0]LogConfig: Setting CVar [[r.AmbientOcclusionLevels:-1]]
[2022.09.30-14.34.42:976][  0]LogConfig: Setting CVar [[r.AmbientOcclusionRadiusScale:1.0]]
[2022.09.30-14.34.42:976][  0]LogConfig: Setting CVar [[r.DepthOfFieldQuality:2]]
[2022.09.30-14.34.42:976][  0]LogConfig: Setting CVar [[r.RenderTargetPoolMin:400]]
[2022.09.30-14.34.42:976][  0]LogConfig: Setting CVar [[r.LensFlareQuality:2]]
[2022.09.30-14.34.42:976][  0]LogConfig: Setting CVar [[r.SceneColorFringeQuality:1]]
[2022.09.30-14.34.42:976][  0]LogConfig: Setting CVar [[r.EyeAdaptationQuality:2]]
[2022.09.30-14.34.42:976][  0]LogConfig: Setting CVar [[r.BloomQuality:5]]
[2022.09.30-14.34.42:976][  0]LogConfig: Setting CVar [[r.FastBlurThreshold:100]]
[2022.09.30-14.34.42:976][  0]LogConfig: Setting CVar [[r.Upscale.Quality:3]]
[2022.09.30-14.34.42:976][  0]LogConfig: Setting CVar [[r.Tonemapper.GrainQuantization:1]]
[2022.09.30-14.34.42:976][  0]LogConfig: Setting CVar [[r.LightShaftQuality:1]]
[2022.09.30-14.34.42:976][  0]LogConfig: Setting CVar [[r.Filter.SizeScale:1]]
[2022.09.30-14.34.42:977][  0]LogConfig: Setting CVar [[r.Tonemapper.Quality:5]]
[2022.09.30-14.34.42:977][  0]LogConfig: Setting CVar [[r.DOF.Gather.AccumulatorQuality:1        ; higher gathering accumulator quality]]
[2022.09.30-14.34.42:977][  0]LogConfig: Setting CVar [[r.DOF.Gather.PostfilterMethod:1          ; Median3x3 postfilering method]]
[2022.09.30-14.34.42:977][  0]LogConfig: Setting CVar [[r.DOF.Gather.EnableBokehSettings:0       ; no bokeh simulation when gathering]]
[2022.09.30-14.34.42:977][  0]LogConfig: Setting CVar [[r.DOF.Gather.RingCount:4                 ; medium number of samples when gathering]]
[2022.09.30-14.34.42:977][  0]LogConfig: Setting CVar [[r.DOF.Scatter.ForegroundCompositing:1    ; additive foreground scattering]]
[2022.09.30-14.34.42:977][  0]LogConfig: Setting CVar [[r.DOF.Scatter.BackgroundCompositing:2    ; additive background scattering]]
[2022.09.30-14.34.42:977][  0]LogConfig: Setting CVar [[r.DOF.Scatter.EnableBokehSettings:1      ; bokeh simulation when scattering]]
[2022.09.30-14.34.42:977][  0]LogConfig: Setting CVar [[r.DOF.Scatter.MaxSpriteRatio:0.1         ; only a maximum of 10% of scattered bokeh]]
[2022.09.30-14.34.42:977][  0]LogConfig: Setting CVar [[r.DOF.Recombine.Quality:1                ; cheap slight out of focus]]
[2022.09.30-14.34.42:977][  0]LogConfig: Setting CVar [[r.DOF.Recombine.EnableBokehSettings:0    ; no bokeh simulation on slight out of focus]]
[2022.09.30-14.34.42:977][  0]LogConfig: Setting CVar [[r.DOF.TemporalAAQuality:1                ; more stable temporal accumulation]]
[2022.09.30-14.34.42:977][  0]LogConfig: Setting CVar [[r.DOF.Kernel.MaxForegroundRadius:0.025]]
[2022.09.30-14.34.42:977][  0]LogConfig: Setting CVar [[r.DOF.Kernel.MaxBackgroundRadius:0.025]]
[2022.09.30-14.34.42:977][  0]LogConfig: Applying CVar settings from Section [TextureQuality@3] File [C:/Users/Cameron Chester/Documents/GitHub/Zero2Hero/Zero2Hero/Saved/Config/Windows/Scalability.ini]
[2022.09.30-14.34.42:977][  0]LogConfig: Setting CVar [[r.Streaming.MipBias:0]]
[2022.09.30-14.34.42:977][  0]LogConfig: Setting CVar [[r.Streaming.AmortizeCPUToGPUCopy:0]]
[2022.09.30-14.34.42:977][  0]LogConfig: Setting CVar [[r.Streaming.MaxNumTexturesToStreamPerFrame:0]]
[2022.09.30-14.34.42:977][  0]LogConfig: Setting CVar [[r.Streaming.Boost:1]]
[2022.09.30-14.34.42:977][  0]LogConfig: Setting CVar [[r.MaxAnisotropy:8]]
[2022.09.30-14.34.42:977][  0]LogConfig: Setting CVar [[r.VT.MaxAnisotropy:8]]
[2022.09.30-14.34.42:977][  0]LogConfig: Setting CVar [[r.Streaming.LimitPoolSizeToVRAM:0]]
[2022.09.30-14.34.42:977][  0]LogConfig: Setting CVar [[r.Streaming.PoolSize:1000]]
[2022.09.30-14.34.42:977][  0]LogConfig: Setting CVar [[r.Streaming.MaxEffectiveScreenSize:0]]
[2022.09.30-14.34.42:977][  0]LogConfig: Applying CVar settings from Section [EffectsQuality@3] File [C:/Users/Cameron Chester/Documents/GitHub/Zero2Hero/Zero2Hero/Saved/Config/Windows/Scalability.ini]
[2022.09.30-14.34.42:977][  0]LogConfig: Setting CVar [[r.TranslucencyLightingVolumeDim:64]]
[2022.09.30-14.34.42:977][  0]LogConfig: Setting CVar [[r.RefractionQuality:2]]
[2022.09.30-14.34.42:977][  0]LogConfig: Setting CVar [[r.SSR.Quality:3]]
[2022.09.30-14.34.42:977][  0]LogConfig: Setting CVar [[r.SSR.HalfResSceneColor:0]]
[2022.09.30-14.34.42:977][  0]LogConfig: Setting CVar [[r.SceneColorFormat:4]]
[2022.09.30-14.34.42:977][  0]LogConfig: Setting CVar [[r.DetailMode:2]]
[2022.09.30-14.34.42:977][  0]LogConfig: Setting CVar [[r.TranslucencyVolumeBlur:1]]
[2022.09.30-14.34.42:977][  0]LogConfig: Setting CVar [[r.MaterialQualityLevel:1 ; High quality]]
[2022.09.30-14.34.42:977][  0]LogConfig: Setting CVar [[r.AnisotropicMaterials:1]]
[2022.09.30-14.34.42:977][  0]LogConfig: Setting CVar [[r.SSS.Scale:1]]
[2022.09.30-14.34.42:977][  0]LogConfig: Setting CVar [[r.SSS.SampleSet:2]]
[2022.09.30-14.34.42:977][  0]LogConfig: Setting CVar [[r.SSS.Quality:1]]
[2022.09.30-14.34.42:977][  0]LogConfig: Setting CVar [[r.SSS.HalfRes:0]]
[2022.09.30-14.34.42:977][  0]LogConfig: Setting CVar [[r.SSGI.Quality:3]]
[2022.09.30-14.34.42:977][  0]LogConfig: Setting CVar [[r.EmitterSpawnRateScale:1.0]]
[2022.09.30-14.34.42:977][  0]LogConfig: Setting CVar [[r.ParticleLightQuality:2]]
[2022.09.30-14.34.42:977][  0]LogConfig: Setting CVar [[r.SkyAtmosphere.AerialPerspectiveLUT.FastApplyOnOpaque:1 ; Always have FastSkyLUT 1 in this case to avoid wrong sky]]
[2022.09.30-14.34.42:977][  0]LogConfig: Setting CVar [[r.SkyAtmosphere.AerialPerspectiveLUT.SampleCountMaxPerSlice:4]]
[2022.09.30-14.34.42:977][  0]LogConfig: Setting CVar [[r.SkyAtmosphere.AerialPerspectiveLUT.DepthResolution:16.0]]
[2022.09.30-14.34.42:977][  0]LogConfig: Setting CVar [[r.SkyAtmosphere.FastSkyLUT:1]]
[2022.09.30-14.34.42:977][  0]LogConfig: Setting CVar [[r.SkyAtmosphere.FastSkyLUT.SampleCountMin:4.0]]
[2022.09.30-14.34.42:977][  0]LogConfig: Setting CVar [[r.SkyAtmosphere.FastSkyLUT.SampleCountMax:128.0]]
[2022.09.30-14.34.42:977][  0]LogConfig: Setting CVar [[r.SkyAtmosphere.SampleCountMin:4.0]]
[2022.09.30-14.34.42:977][  0]LogConfig: Setting CVar [[r.SkyAtmosphere.SampleCountMax:128.0]]
[2022.09.30-14.34.42:977][  0]LogConfig: Setting CVar [[r.SkyAtmosphere.TransmittanceLUT.UseSmallFormat:0]]
[2022.09.30-14.34.42:977][  0]LogConfig: Setting CVar [[r.SkyAtmosphere.TransmittanceLUT.SampleCount:10.0]]
[2022.09.30-14.34.42:977][  0]LogConfig: Setting CVar [[r.SkyAtmosphere.MultiScatteringLUT.SampleCount:15.0]]
[2022.09.30-14.34.42:978][  0]LogConfig: Setting CVar [[r.SkyLight.RealTimeReflectionCapture:1]]
[2022.09.30-14.34.42:978][  0]LogConfig: Applying CVar settings from Section [FoliageQuality@3] File [C:/Users/Cameron Chester/Documents/GitHub/Zero2Hero/Zero2Hero/Saved/Config/Windows/Scalability.ini]
[2022.09.30-14.34.42:978][  0]LogConfig: Setting CVar [[foliage.DensityScale:1.0]]
[2022.09.30-14.34.42:978][  0]LogConfig: Setting CVar [[grass.DensityScale:1.0]]
[2022.09.30-14.34.42:978][  0]LogConfig: Applying CVar settings from Section [ShadingQuality@3] File [C:/Users/Cameron Chester/Documents/GitHub/Zero2Hero/Zero2Hero/Saved/Config/Windows/Scalability.ini]
[2022.09.30-14.34.42:978][  0]LogConfig: Setting CVar [[r.HairStrands.SkyLighting.IntegrationType:2]]
[2022.09.30-14.34.42:978][  0]LogConfig: Setting CVar [[r.HairStrands.SkyAO.SampleCount:4]]
[2022.09.30-14.34.42:978][  0]LogConfig: Setting CVar [[r.HairStrands.Visibility.MSAA.SamplePerPixel:4]]
[2022.09.30-14.34.42:978][  0]LogInit: Selected Device Profile: [Windows]
[2022.09.30-14.34.42:978][  0]LogInit: Applying CVar settings loaded from the selected device profile: [Windows]
[2022.09.30-14.34.42:978][  0]LogHAL: Display: Platform has ~ 8 GB [8439582720 / 8589934592 / 8], which maps to Default [LargestMinGB=32, LargerMinGB=12, DefaultMinGB=8, SmallerMinGB=6, SmallestMinGB=0)
[2022.09.30-14.34.42:978][  0]LogInit: Going up to parent DeviceProfile []
[2022.09.30-14.34.42:978][  0]LogConfig: Applying CVar settings from Section [ViewDistanceQuality@3] File [C:/Users/Cameron Chester/Documents/GitHub/Zero2Hero/Zero2Hero/Saved/Config/Windows/Scalability.ini]
[2022.09.30-14.34.42:978][  0]LogConfig: Setting CVar [[r.SkeletalMeshLODBias:0]]
[2022.09.30-14.34.42:978][  0]LogConfig: Setting CVar [[r.ViewDistanceScale:1.0]]
[2022.09.30-14.34.42:978][  0]LogConfig: Applying CVar settings from Section [AntiAliasingQuality@3] File [C:/Users/Cameron Chester/Documents/GitHub/Zero2Hero/Zero2Hero/Saved/Config/Windows/Scalability.ini]
[2022.09.30-14.34.42:978][  0]LogConfig: Setting CVar [[r.PostProcessAAQuality:4]]
[2022.09.30-14.34.42:978][  0]LogConfig: Applying CVar settings from Section [ShadowQuality@3] File [C:/Users/Cameron Chester/Documents/GitHub/Zero2Hero/Zero2Hero/Saved/Config/Windows/Scalability.ini]
[2022.09.30-14.34.42:978][  0]LogConfig: Setting CVar [[r.LightFunctionQuality:1]]
[2022.09.30-14.34.42:978][  0]LogConfig: Setting CVar [[r.ShadowQuality:5]]
[2022.09.30-14.34.42:978][  0]LogConfig: Setting CVar [[r.Shadow.CSM.MaxCascades:10]]
[2022.09.30-14.34.42:978][  0]LogConfig: Setting CVar [[r.Shadow.MaxResolution:2048]]
[2022.09.30-14.34.42:978][  0]LogConfig: Setting CVar [[r.Shadow.MaxCSMResolution:2048]]
[2022.09.30-14.34.42:978][  0]LogConfig: Setting CVar [[r.Shadow.RadiusThreshold:0.01]]
[2022.09.30-14.34.42:978][  0]LogConfig: Setting CVar [[r.Shadow.DistanceScale:1.0]]
[2022.09.30-14.34.42:978][  0]LogConfig: Setting CVar [[r.Shadow.CSM.TransitionScale:1.0]]
[2022.09.30-14.34.42:978][  0]LogConfig: Setting CVar [[r.Shadow.PreShadowResolutionFactor:1.0]]
[2022.09.30-14.34.42:978][  0]LogConfig: Setting CVar [[r.DistanceFieldShadowing:1]]
[2022.09.30-14.34.42:978][  0]LogConfig: Setting CVar [[r.DistanceFieldAO:1]]
[2022.09.30-14.34.42:978][  0]LogConfig: Setting CVar [[r.AOQuality:2]]
[2022.09.30-14.34.42:978][  0]LogConfig: Setting CVar [[r.VolumetricFog:1]]
[2022.09.30-14.34.42:978][  0]LogConfig: Setting CVar [[r.VolumetricFog.GridPixelSize:8]]
[2022.09.30-14.34.42:978][  0]LogConfig: Setting CVar [[r.VolumetricFog.GridSizeZ:128]]
[2022.09.30-14.34.42:978][  0]LogConfig: Setting CVar [[r.VolumetricFog.HistoryMissSupersampleCount:4]]
[2022.09.30-14.34.42:978][  0]LogConfig: Setting CVar [[r.LightMaxDrawDistanceScale:1]]
[2022.09.30-14.34.42:978][  0]LogConfig: Setting CVar [[r.CapsuleShadows:1]]
[2022.09.30-14.34.42:978][  0]LogConfig: Applying CVar settings from Section [PostProcessQuality@3] File [C:/Users/Cameron Chester/Documents/GitHub/Zero2Hero/Zero2Hero/Saved/Config/Windows/Scalability.ini]
[2022.09.30-14.34.42:978][  0]LogConfig: Setting CVar [[r.MotionBlurQuality:4]]
[2022.09.30-14.34.42:978][  0]LogConfig: Setting CVar [[r.AmbientOcclusionMipLevelFactor:0.4]]
[2022.09.30-14.34.42:978][  0]LogConfig: Setting CVar [[r.AmbientOcclusionMaxQuality:100]]
[2022.09.30-14.34.42:978][  0]LogConfig: Setting CVar [[r.AmbientOcclusionLevels:-1]]
[2022.09.30-14.34.42:979][  0]LogConfig: Setting CVar [[r.AmbientOcclusionRadiusScale:1.0]]
[2022.09.30-14.34.42:979][  0]LogConfig: Setting CVar [[r.DepthOfFieldQuality:2]]
[2022.09.30-14.34.42:979][  0]LogConfig: Setting CVar [[r.RenderTargetPoolMin:400]]
[2022.09.30-14.34.42:979][  0]LogConfig: Setting CVar [[r.LensFlareQuality:2]]
[2022.09.30-14.34.42:979][  0]LogConfig: Setting CVar [[r.SceneColorFringeQuality:1]]
[2022.09.30-14.34.42:979][  0]LogConfig: Setting CVar [[r.EyeAdaptationQuality:2]]
[2022.09.30-14.34.42:979][  0]LogConfig: Setting CVar [[r.BloomQuality:5]]
[2022.09.30-14.34.42:979][  0]LogConfig: Setting CVar [[r.FastBlurThreshold:100]]
[2022.09.30-14.34.42:979][  0]LogConfig: Setting CVar [[r.Upscale.Quality:3]]
[2022.09.30-14.34.42:979][  0]LogConfig: Setting CVar [[r.Tonemapper.GrainQuantization:1]]
[2022.09.30-14.34.42:979][  0]LogConfig: Setting CVar [[r.LightShaftQuality:1]]
[2022.09.30-14.34.42:979][  0]LogConfig: Setting CVar [[r.Filter.SizeScale:1]]
[2022.09.30-14.34.42:979][  0]LogConfig: Setting CVar [[r.Tonemapper.Quality:5]]
[2022.09.30-14.34.42:979][  0]LogConfig: Setting CVar [[r.DOF.Gather.AccumulatorQuality:1        ; higher gathering accumulator quality]]
[2022.09.30-14.34.42:979][  0]LogConfig: Setting CVar [[r.DOF.Gather.PostfilterMethod:1          ; Median3x3 postfilering method]]
[2022.09.30-14.34.42:979][  0]LogConfig: Setting CVar [[r.DOF.Gather.EnableBokehSettings:0       ; no bokeh simulation when gathering]]
[2022.09.30-14.34.42:979][  0]LogConfig: Setting CVar [[r.DOF.Gather.RingCount:4                 ; medium number of samples when gathering]]
[2022.09.30-14.34.42:979][  0]LogConfig: Setting CVar [[r.DOF.Scatter.ForegroundCompositing:1    ; additive foreground scattering]]
[2022.09.30-14.34.42:979][  0]LogConfig: Setting CVar [[r.DOF.Scatter.BackgroundCompositing:2    ; additive background scattering]]
[2022.09.30-14.34.42:979][  0]LogConfig: Setting CVar [[r.DOF.Scatter.EnableBokehSettings:1      ; bokeh simulation when scattering]]
[2022.09.30-14.34.42:979][  0]LogConfig: Setting CVar [[r.DOF.Scatter.MaxSpriteRatio:0.1         ; only a maximum of 10% of scattered bokeh]]
[2022.09.30-14.34.42:979][  0]LogConfig: Setting CVar [[r.DOF.Recombine.Quality:1                ; cheap slight out of focus]]
[2022.09.30-14.34.42:979][  0]LogConfig: Setting CVar [[r.DOF.Recombine.EnableBokehSettings:0    ; no bokeh simulation on slight out of focus]]
[2022.09.30-14.34.42:979][  0]LogConfig: Setting CVar [[r.DOF.TemporalAAQuality:1                ; more stable temporal accumulation]]
[2022.09.30-14.34.42:979][  0]LogConfig: Setting CVar [[r.DOF.Kernel.MaxForegroundRadius:0.025]]
[2022.09.30-14.34.42:979][  0]LogConfig: Setting CVar [[r.DOF.Kernel.MaxBackgroundRadius:0.025]]
[2022.09.30-14.34.42:979][  0]LogConfig: Applying CVar settings from Section [TextureQuality@3] File [C:/Users/Cameron Chester/Documents/GitHub/Zero2Hero/Zero2Hero/Saved/Config/Windows/Scalability.ini]
[2022.09.30-14.34.42:979][  0]LogConfig: Setting CVar [[r.Streaming.MipBias:0]]
[2022.09.30-14.34.42:979][  0]LogConfig: Setting CVar [[r.Streaming.AmortizeCPUToGPUCopy:0]]
[2022.09.30-14.34.42:979][  0]LogConfig: Setting CVar [[r.Streaming.MaxNumTexturesToStreamPerFrame:0]]
[2022.09.30-14.34.42:979][  0]LogConfig: Setting CVar [[r.Streaming.Boost:1]]
[2022.09.30-14.34.42:979][  0]LogConfig: Setting CVar [[r.MaxAnisotropy:8]]
[2022.09.30-14.34.42:979][  0]LogConfig: Setting CVar [[r.VT.MaxAnisotropy:8]]
[2022.09.30-14.34.42:979][  0]LogConfig: Setting CVar [[r.Streaming.LimitPoolSizeToVRAM:0]]
[2022.09.30-14.34.42:979][  0]LogConfig: Setting CVar [[r.Streaming.PoolSize:1000]]
[2022.09.30-14.34.42:979][  0]LogConfig: Setting CVar [[r.Streaming.MaxEffectiveScreenSize:0]]
[2022.09.30-14.34.42:979][  0]LogConfig: Applying CVar settings from Section [EffectsQuality@3] File [C:/Users/Cameron Chester/Documents/GitHub/Zero2Hero/Zero2Hero/Saved/Config/Windows/Scalability.ini]
[2022.09.30-14.34.42:979][  0]LogConfig: Setting CVar [[r.TranslucencyLightingVolumeDim:64]]
[2022.09.30-14.34.42:979][  0]LogConfig: Setting CVar [[r.RefractionQuality:2]]
[2022.09.30-14.34.42:979][  0]LogConfig: Setting CVar [[r.SSR.Quality:3]]
[2022.09.30-14.34.42:979][  0]LogConfig: Setting CVar [[r.SSR.HalfResSceneColor:0]]
[2022.09.30-14.34.42:979][  0]LogConfig: Setting CVar [[r.SceneColorFormat:4]]
[2022.09.30-14.34.42:979][  0]LogConfig: Setting CVar [[r.DetailMode:2]]
[2022.09.30-14.34.42:979][  0]LogConfig: Setting CVar [[r.TranslucencyVolumeBlur:1]]
[2022.09.30-14.34.42:979][  0]LogConfig: Setting CVar [[r.MaterialQualityLevel:1 ; High quality]]
[2022.09.30-14.34.42:979][  0]LogConfig: Setting CVar [[r.AnisotropicMaterials:1]]
[2022.09.30-14.34.42:979][  0]LogConfig: Setting CVar [[r.SSS.Scale:1]]
[2022.09.30-14.34.42:980][  0]LogConfig: Setting CVar [[r.SSS.SampleSet:2]]
[2022.09.30-14.34.42:980][  0]LogConfig: Setting CVar [[r.SSS.Quality:1]]
[2022.09.30-14.34.42:980][  0]LogConfig: Setting CVar [[r.SSS.HalfRes:0]]
[2022.09.30-14.34.42:980][  0]LogConfig: Setting CVar [[r.SSGI.Quality:3]]
[2022.09.30-14.34.42:980][  0]LogConfig: Setting CVar [[r.EmitterSpawnRateScale:1.0]]
[2022.09.30-14.34.42:980][  0]LogConfig: Setting CVar [[r.ParticleLightQuality:2]]
[2022.09.30-14.34.42:980][  0]LogConfig: Setting CVar [[r.SkyAtmosphere.AerialPerspectiveLUT.FastApplyOnOpaque:1 ; Always have FastSkyLUT 1 in this case to avoid wrong sky]]
[2022.09.30-14.34.42:980][  0]LogConfig: Setting CVar [[r.SkyAtmosphere.AerialPerspectiveLUT.SampleCountMaxPerSlice:4]]
[2022.09.30-14.34.42:980][  0]LogConfig: Setting CVar [[r.SkyAtmosphere.AerialPerspectiveLUT.DepthResolution:16.0]]
[2022.09.30-14.34.42:980][  0]LogConfig: Setting CVar [[r.SkyAtmosphere.FastSkyLUT:1]]
[2022.09.30-14.34.42:980][  0]LogConfig: Setting CVar [[r.SkyAtmosphere.FastSkyLUT.SampleCountMin:4.0]]
[2022.09.30-14.34.42:980][  0]LogConfig: Setting CVar [[r.SkyAtmosphere.FastSkyLUT.SampleCountMax:128.0]]
[2022.09.30-14.34.42:980][  0]LogConfig: Setting CVar [[r.SkyAtmosphere.SampleCountMin:4.0]]
[2022.09.30-14.34.42:980][  0]LogConfig: Setting CVar [[r.SkyAtmosphere.SampleCountMax:128.0]]
[2022.09.30-14.34.42:980][  0]LogConfig: Setting CVar [[r.SkyAtmosphere.TransmittanceLUT.UseSmallFormat:0]]
[2022.09.30-14.34.42:980][  0]LogConfig: Setting CVar [[r.SkyAtmosphere.TransmittanceLUT.SampleCount:10.0]]
[2022.09.30-14.34.42:980][  0]LogConfig: Setting CVar [[r.SkyAtmosphere.MultiScatteringLUT.SampleCount:15.0]]
[2022.09.30-14.34.42:980][  0]LogConfig: Setting CVar [[r.SkyLight.RealTimeReflectionCapture:1]]
[2022.09.30-14.34.42:980][  0]LogConfig: Applying CVar settings from Section [FoliageQuality@3] File [C:/Users/Cameron Chester/Documents/GitHub/Zero2Hero/Zero2Hero/Saved/Config/Windows/Scalability.ini]
[2022.09.30-14.34.42:980][  0]LogConfig: Setting CVar [[foliage.DensityScale:1.0]]
[2022.09.30-14.34.42:980][  0]LogConfig: Setting CVar [[grass.DensityScale:1.0]]
[2022.09.30-14.34.42:980][  0]LogConfig: Applying CVar settings from Section [ShadingQuality@3] File [C:/Users/Cameron Chester/Documents/GitHub/Zero2Hero/Zero2Hero/Saved/Config/Windows/Scalability.ini]
[2022.09.30-14.34.42:980][  0]LogConfig: Setting CVar [[r.HairStrands.SkyLighting.IntegrationType:2]]
[2022.09.30-14.34.42:980][  0]LogConfig: Setting CVar [[r.HairStrands.SkyAO.SampleCount:4]]
[2022.09.30-14.34.42:980][  0]LogConfig: Setting CVar [[r.HairStrands.Visibility.MSAA.SamplePerPixel:4]]
[2022.09.30-14.34.42:980][  0]LogConfig: Applying CVar settings from Section [Startup] File [../../../Engine/Config/ConsoleVariables.ini]
[2022.09.30-14.34.42:981][  0]LogConfig: Setting CVar [[net.UseAdaptiveNetUpdateFrequency:0]]
[2022.09.30-14.34.42:981][  0]LogConfig: Setting CVar [[p.chaos.AllowCreatePhysxBodies:1]]
[2022.09.30-14.34.42:981][  0]LogConfig: Setting CVar [[fx.SkipVectorVMBackendOptimizations:1]]
[2022.09.30-14.34.42:981][  0]LogConfig: Applying CVar settings from Section [ConsoleVariables] File [C:/Users/Cameron Chester/Documents/GitHub/Zero2Hero/Zero2Hero/Saved/Config/Windows/Engine.ini]
[2022.09.30-14.34.42:981][  0]LogConfig: Applying CVar settings from Section [ConsoleVariables] File [C:/Users/Cameron Chester/Documents/GitHub/Zero2Hero/Zero2Hero/Saved/Config/Windows/Editor.ini]
[2022.09.30-14.34.42:981][  0]LogInit: Computer: LAPTOP-FU9EMMB1
[2022.09.30-14.34.42:981][  0]LogInit: User: CameronChester
[2022.09.30-14.34.42:981][  0]LogInit: CPU Page size=4096, Cores=4
[2022.09.30-14.34.42:981][  0]LogInit: High frequency timer resolution =10.000000 MHz
[2022.09.30-14.34.42:982][  0]LogMemory: Memory total: Physical=7.9GB (8GB approx)
[2022.09.30-14.34.42:982][  0]LogMemory: Platform Memory Stats for Windows
[2022.09.30-14.34.42:982][  0]LogMemory: Process Physical Memory: 143.58 MB used, 143.58 MB peak
[2022.09.30-14.34.42:982][  0]LogMemory: Process Virtual Memory: 111.29 MB used, 111.29 MB peak
[2022.09.30-14.34.42:982][  0]LogMemory: Physical Memory: 6330.33 MB used,  1718.29 MB free, 8048.61 MB total
[2022.09.30-14.34.42:982][  0]LogMemory: Virtual Memory: 134209528.00 MB used,  8201.72 MB free, 134217728.00 MB total
[2022.09.30-14.34.42:994][  0]LogWindows: WindowsPlatformFeatures enabled
[2022.09.30-14.34.43:080][  0]LogInit: Physics initialised using underlying interface: PhysX
[2022.09.30-14.34.43:082][  0]LogInit: Using OS detected language (en-GB).
[2022.09.30-14.34.43:082][  0]LogInit: Using OS detected locale (en-GB).
[2022.09.30-14.34.43:093][  0]LogTextLocalizationManager: No specific localization for 'en-GB' exists, so the 'en' localization will be used.
[2022.09.30-14.34.43:561][  0]LogInit: Setting process to per monitor DPI aware
[2022.09.30-14.34.43:599][  0]LogWindowsTextInputMethodSystem: Display: IME system deactivated.
[2022.09.30-14.34.43:638][  0]LogSlate: New Slate User Created.  User Index 0, Is Virtual User: 0
[2022.09.30-14.34.43:638][  0]LogSlate: Slate User Registered.  User Index 0, Is Virtual User: 0
[2022.09.30-14.34.44:036][  0]LogD3D11RHI: Loaded GFSDK_Aftermath_Lib.x64.dll
[2022.09.30-14.34.44:110][  0]LogHMD: Failed to initialize OpenVR with code 110
[2022.09.30-14.34.44:110][  0]LogD3D11RHI: D3D11 min allowed feature level: 11_0
[2022.09.30-14.34.44:110][  0]LogD3D11RHI: D3D11 max allowed feature level: 11_0
[2022.09.30-14.34.44:110][  0]LogD3D11RHI: D3D11 adapters:
[2022.09.30-14.34.44:267][  0]LogD3D11RHI:    0. 'NVIDIA GeForce GTX 1050' (Feature Level 11_0)
[2022.09.30-14.34.44:267][  0]LogD3D11RHI:       1979/0/4024 MB DedicatedVideo/DedicatedSystem/SharedSystem, Outputs:1, VendorId:0x10de
[2022.09.30-14.34.44:292][  0]LogD3D11RHI:    1. 'Intel(R) UHD Graphics 630' (Feature Level 11_0)
[2022.09.30-14.34.44:292][  0]LogD3D11RHI:       128/0/4024 MB DedicatedVideo/DedicatedSystem/SharedSystem, Outputs:0, VendorId:0x8086
[2022.09.30-14.34.44:296][  0]LogD3D11RHI:    2. 'Microsoft Basic Render Driver' (Feature Level 11_0)
[2022.09.30-14.34.44:296][  0]LogD3D11RHI:       0/0/4024 MB DedicatedVideo/DedicatedSystem/SharedSystem, Outputs:0, VendorId:0x1414
[2022.09.30-14.34.44:296][  0]LogD3D11RHI: Chosen D3D11 Adapter:
[2022.09.30-14.34.44:296][  0]LogD3D11RHI:     Description : NVIDIA GeForce GTX 1050
[2022.09.30-14.34.44:296][  0]LogD3D11RHI:     VendorId    : 10de
[2022.09.30-14.34.44:296][  0]LogD3D11RHI:     DeviceId    : 1c8d
[2022.09.30-14.34.44:296][  0]LogD3D11RHI:     SubSysId    : 10c11043
[2022.09.30-14.34.44:296][  0]LogD3D11RHI:     Revision    : 00a1
[2022.09.30-14.34.44:296][  0]LogD3D11RHI:     DedicatedVideoMemory : 2075910144 bytes
[2022.09.30-14.34.44:296][  0]LogD3D11RHI:     DedicatedSystemMemory : 0 bytes
[2022.09.30-14.34.44:296][  0]LogD3D11RHI:     SharedSystemMemory : 4219791360 bytes
[2022.09.30-14.34.44:296][  0]LogD3D11RHI:     AdapterLuid : 0 75277
[2022.09.30-14.34.44:303][  0]LogD3D11RHI: Creating new Direct3DDevice
[2022.09.30-14.34.44:303][  0]LogD3D11RHI:     GPU DeviceId: 0x1c8d (for the marketing name, search the web for "GPU Device Id")
[2022.09.30-14.34.44:303][  0]LogWindows: EnumDisplayDevices:
[2022.09.30-14.34.44:303][  0]LogWindows:    0. 'Intel(R) UHD Graphics 630' (P:1 D:1)
[2022.09.30-14.34.44:303][  0]LogWindows:    1. 'Intel(R) UHD Graphics 630' (P:0 D:0)
[2022.09.30-14.34.44:304][  0]LogWindows:    2. 'Intel(R) UHD Graphics 630' (P:0 D:0)
[2022.09.30-14.34.44:304][  0]LogWindows: DebugString: PrimaryIsNotTheChoosenAdapter PrimaryIsNotTheChoosenAdapter PrimaryIsNotTheChoosenAdapter FoundDriverCount:0 
[2022.09.30-14.34.44:304][  0]LogD3D11RHI:     Adapter Name: NVIDIA GeForce GTX 1050
[2022.09.30-14.34.44:304][  0]LogD3D11RHI:   Driver Version: Unknown (internal:Unknown, unified:Unknown)
[2022.09.30-14.34.44:304][  0]LogD3D11RHI:      Driver Date: Unknown
[2022.09.30-14.34.44:304][  0]LogRHI: Texture pool is 1385 MB (70% of 1979 MB)
[2022.09.30-14.34.44:304][  0]LogD3D11RHI: Creating D3DDevice using adapter:
[2022.09.30-14.34.44:304][  0]LogD3D11RHI:     Description : NVIDIA GeForce GTX 1050
[2022.09.30-14.34.44:304][  0]LogD3D11RHI:     VendorId    : 10de
[2022.09.30-14.34.44:304][  0]LogD3D11RHI:     DeviceId    : 1c8d
[2022.09.30-14.34.44:304][  0]LogD3D11RHI:     SubSysId    : 10c11043
[2022.09.30-14.34.44:304][  0]LogD3D11RHI:     Revision    : 00a1
[2022.09.30-14.34.44:304][  0]LogD3D11RHI:     DedicatedVideoMemory : 2075910144 bytes
[2022.09.30-14.34.44:304][  0]LogD3D11RHI:     DedicatedSystemMemory : 0 bytes
[2022.09.30-14.34.44:304][  0]LogD3D11RHI:     SharedSystemMemory : 4219791360 bytes
[2022.09.30-14.34.44:304][  0]LogD3D11RHI:     AdapterLuid : 0 75277
[2022.09.30-14.34.44:382][  0]LogD3D11RHI: RHI has support for 64 bit atomics
[2022.09.30-14.34.44:382][  0]LogD3D11RHI: Async texture creation enabled
[2022.09.30-14.34.44:382][  0]LogD3D11RHI: Array index from any shader is supported
[2022.09.30-14.34.44:405][  0]LogD3D11RHI: GPU Timing Frequency: 1000.000000 (Debug: 2 1)
[2022.09.30-14.34.44:469][  0]LogRHI: GeForceNow SDK initialized: 1
[2022.09.30-14.34.44:937][  0]LogTargetPlatformManager: Display: Loaded TargetPlatform 'AllDesktop'
[2022.09.30-14.34.44:972][  0]LogTargetPlatformManager: Display: Loaded TargetPlatform 'Android'
[2022.09.30-14.34.44:972][  0]LogTargetPlatformManager: Display: Loaded TargetPlatform 'Android_ASTC'
[2022.09.30-14.34.44:972][  0]LogTargetPlatformManager: Display: Loaded TargetPlatform 'Android_DXT'
[2022.09.30-14.34.44:972][  0]LogTargetPlatformManager: Display: Loaded TargetPlatform 'Android_ETC2'
[2022.09.30-14.34.44:972][  0]LogTargetPlatformManager: Display: Loaded TargetPlatform 'AndroidClient'
[2022.09.30-14.34.44:972][  0]LogTargetPlatformManager: Display: Loaded TargetPlatform 'Android_ASTCClient'
[2022.09.30-14.34.44:972][  0]LogTargetPlatformManager: Display: Loaded TargetPlatform 'Android_DXTClient'
[2022.09.30-14.34.44:972][  0]LogTargetPlatformManager: Display: Loaded TargetPlatform 'Android_ETC2Client'
[2022.09.30-14.34.44:972][  0]LogTargetPlatformManager: Display: Loaded TargetPlatform 'Android_Multi'
[2022.09.30-14.34.44:972][  0]LogTargetPlatformManager: Display: Loaded TargetPlatform 'Android_MultiClient'
[2022.09.30-14.34.45:002][  0]LogTargetPlatformManager: Display: Loaded TargetPlatform 'IOSClient'
[2022.09.30-14.34.45:002][  0]LogTargetPlatformManager: Display: Loaded TargetPlatform 'IOS'
[2022.09.30-14.34.45:016][  0]LogTargetPlatformManager: Display: Loaded TargetPlatform 'Linux'
[2022.09.30-14.34.45:022][  0]LogTargetPlatformManager: Display: Loaded TargetPlatform 'LinuxNoEditor'
[2022.09.30-14.34.45:027][  0]LogTargetPlatformManager: Display: Loaded TargetPlatform 'LinuxClient'
[2022.09.30-14.34.45:032][  0]LogTargetPlatformManager: Display: Loaded TargetPlatform 'LinuxServer'
[2022.09.30-14.34.45:051][  0]LogTargetPlatformManager: Display: Loaded TargetPlatform 'LinuxAArch64NoEditor'
[2022.09.30-14.34.45:057][  0]LogTargetPlatformManager: Display: Loaded TargetPlatform 'LinuxAArch64Client'
[2022.09.30-14.34.45:063][  0]LogTargetPlatformManager: Display: Loaded TargetPlatform 'LinuxAArch64Server'
[2022.09.30-14.34.45:104][  0]LogTargetPlatformManager: Display: Loaded TargetPlatform 'Lumin'
[2022.09.30-14.34.45:104][  0]LogTargetPlatformManager: Display: Loaded TargetPlatform 'LuminClient'
[2022.09.30-14.34.45:118][  0]LogTargetPlatformManager: Display: Loaded TargetPlatform 'MacNoEditor'
[2022.09.30-14.34.45:124][  0]LogTargetPlatformManager: Display: Loaded TargetPlatform 'Mac'
[2022.09.30-14.34.45:129][  0]LogTargetPlatformManager: Display: Loaded TargetPlatform 'MacClient'
[2022.09.30-14.34.45:136][  0]LogTargetPlatformManager: Display: Loaded TargetPlatform 'MacServer'
[2022.09.30-14.34.45:153][  0]LogTargetPlatformManager: Display: Loaded TargetPlatform 'TVOSClient'
[2022.09.30-14.34.45:153][  0]LogTargetPlatformManager: Display: Loaded TargetPlatform 'TVOS'
[2022.09.30-14.34.45:167][  0]LogTargetPlatformManager: Display: Loaded TargetPlatform 'WindowsNoEditor'
[2022.09.30-14.34.45:175][  0]LogTargetPlatformManager: Display: Loaded TargetPlatform 'Windows'
[2022.09.30-14.34.45:182][  0]LogTargetPlatformManager: Display: Loaded TargetPlatform 'WindowsClient'
[2022.09.30-14.34.45:190][  0]LogTargetPlatformManager: Display: Loaded TargetPlatform 'WindowsServer'
[2022.09.30-14.34.45:190][  0]LogTargetPlatformManager: Display: Building Assets For Windows
[2022.09.30-14.34.45:199][  0]LogAudioDebug: Display: Lib vorbis DLL was dynamically loaded.
[2022.09.30-14.34.45:249][  0]LogTextureFormatOodle: Display: Oodle Texture 2.9.0 init RDO Off
[2022.09.30-14.34.45:295][  0]LogRendererCore: Ray tracing is disabled. Reason: r.RayTracing=0.
[2022.09.30-14.34.45:295][  0]LogShaderCompilers: Guid format shader working directory is -20 characters bigger than the processId version (../../../../../../Users/Cameron Chester/Documents/GitHub/Zero2Hero/Zero2Hero/Intermediate/Shaders/WorkingDirectory/2052/).
[2022.09.30-14.34.45:295][  0]LogShaderCompilers: Cleaned the shader compiler working directory 'C:/Users/Cameron Chester/AppData/Local/Temp/UnrealShaderWorkingDir/015F26D646833F3CE4945785D438E65F/'.
[2022.09.30-14.34.45:295][  0]LogXGEController: Cannot use XGE Controller as Incredibuild is not installed on this machine.
[2022.09.30-14.34.45:295][  0]LogShaderCompilers: Cannot use XGE Shader Compiler as Incredibuild is not installed on this machine.
[2022.09.30-14.34.45:295][  0]LogShaderCompilers: Display: Using Local Shader Compiler.
[2022.09.30-14.34.46:314][  0]LogDerivedDataCache: Display: Max Cache Size: 512 MB
[2022.09.30-14.34.46:401][  0]LogDerivedDataCache: Loaded boot cache 0.09s 94MB C:/Users/Cameron Chester/AppData/Local/UnrealEngine/4.27/DerivedDataCache/Boot.ddc.
[2022.09.30-14.34.46:401][  0]LogDerivedDataCache: Display: Loaded Boot cache: C:/Users/Cameron Chester/AppData/Local/UnrealEngine/4.27/DerivedDataCache/Boot.ddc
[2022.09.30-14.34.46:401][  0]LogDerivedDataCache: FDerivedDataBackendGraph:  Pak pak cache file ../../../../../../Users/Cameron Chester/Documents/GitHub/Zero2Hero/Zero2Hero/DerivedDataCache/DDC.ddp not found, will not use a pak cache.
[2022.09.30-14.34.46:401][  0]LogDerivedDataCache: Unable to find inner node Pak for hierarchical cache Hierarchy.
[2022.09.30-14.34.46:401][  0]LogDerivedDataCache: FDerivedDataBackendGraph:  CompressedPak pak cache file ../../../../../../Users/Cameron Chester/Documents/GitHub/Zero2Hero/Zero2Hero/DerivedDataCache/Compressed.ddp not found, will not use a pak cache.
[2022.09.30-14.34.46:401][  0]LogDerivedDataCache: Unable to find inner node CompressedPak for hierarchical cache Hierarchy.
[2022.09.30-14.34.46:421][  0]LogDerivedDataCache: Display: Pak cache opened for reading ../../../Engine/DerivedDataCache/Compressed.ddp.
[2022.09.30-14.34.46:421][  0]LogDerivedDataCache: FDerivedDataBackendGraph:  EnterprisePak pak cache file ../../../Enterprise/DerivedDataCache/Compressed.ddp not found, will not use a pak cache.
[2022.09.30-14.34.46:421][  0]LogDerivedDataCache: Unable to find inner node EnterprisePak for hierarchical cache Hierarchy.
[2022.09.30-14.34.46:435][  0]LogDerivedDataCache: Speed tests for C:/Users/Cameron Chester/AppData/Local/UnrealEngine/Common/DerivedDataCache took 0.01 seconds
[2022.09.30-14.34.46:435][  0]LogDerivedDataCache: Display: Performance to C:/Users/Cameron Chester/AppData/Local/UnrealEngine/Common/DerivedDataCache: Latency=0.05ms. RandomReadSpeed=215.45MBs, RandomWriteSpeed=106.75MBs. Assigned SpeedClass 'Local'
[2022.09.30-14.34.46:435][  0]LogDerivedDataCache: Using Local data cache path C:/Users/Cameron Chester/AppData/Local/UnrealEngine/Common/DerivedDataCache: Writable
[2022.09.30-14.34.46:436][  0]LogDerivedDataCache: Shared data cache path not found in *engine.ini, will not use an Shared cache.
[2022.09.30-14.34.46:436][  0]LogDerivedDataCache: Unable to find inner node Shared for hierarchical cache Hierarchy.
[2022.09.30-14.34.46:504][  0]LogSlate: Using FreeType 2.10.0
[2022.09.30-14.34.46:505][  0]LogSlate: SlateFontServices - WITH_FREETYPE: 1, WITH_HARFBUZZ: 1
[2022.09.30-14.34.46:542][  0]LogAssetRegistry: FAssetRegistry took 0.0050 seconds to start up
[2022.09.30-14.34.47:121][  0]LogInit: Selected Device Profile: [Windows]
[2022.09.30-14.34.47:121][  0]LogInit: Active device profile: [0000017A14D4EC00][0000017A094C62C0 49] Windows
[2022.09.30-14.34.47:121][  0]LogInit: Profiles: [0000017A14D4EC00][0000017A094C62C0 49] Windows, [0000017A15CDD400][0000017A094F6440 49] WindowsNoEditor, [0000017A14D4E300][0000017A094FA5C0 49] WindowsServer, [0000017A15CDDC00][0000017A13C94740 49] WindowsClient, [0000017A14D4F900][0000017A13C988C0 49] IOS, [0000017A15CDF400][0000017A094CAA00 49] iPadAir, [0000017A15CDC500][0000017A13CACB40 49] iPadAir2, [0000017A15C8D200][0000017A13CB4D80 49] IPadPro, [0000017A15C8D300][0000017A13CB0DC0 49] iPadAir3, [0000017A14D4D400][0000017A13CBCF40 49] iPadAir4, [0000017A15C8C200][0000017A13CC10C0 49] iPadMini2, [0000017A14D4D300][0000017A13CC5240 49] iPadMini3, [0000017A15C8F100][0000017A13CC93C0 49] iPadMini4, [0000017A15CDC700][0000017A13CCD540 49] iPadMini5, [0000017A15CACB00][0000017A13CD5800 49] iPhone6, [0000017A15CACC00][0000017A13CD1840 49] iPodTouch6, [0000017A15C8FA00][0000017A13CDDB00 49] iPhone7, [0000017A15C8F900][0000017A13CD9B40 49] iPodTouch7, [0000017A15CAC400][0000017A13CE0140 49] iPhone5S, [0000017A15C8DD00][0000017A13CE42C0 49] iPhone6Plus, [0000017A15CAD400][0000017A13CE8440 49] iPhone6S, [0000017A15C8D400][0000017A13CEC5C0 49] iPhone6SPlus, [0000017A15CAFF00][0000017A13CF0740 49] iPhone7Plus, [0000017A15C8F200][0000017A13CF48C0 49] iPhoneSE, [0000017A15CADC00][0000017A13CF8A40 49] iPhone8, [0000017A15C8C700][0000017A13CB8B80 49] iPhone8Plus, [0000017A15CAF400][0000017A13CFCCC0 49] iPhoneX, [0000017A15C8E500][0000017A13D00E00 49] iPhoneXS, [0000017A15CAE300][0000017A13D04F40 49] iPhoneXSMax, [0000017A15C8DF00][0000017A13D0D0C0 49] iPhoneXR, [0000017A15CAF000][0000017A15EDF240 49] iPhone11, [0000017A15C8E800][0000017A15EE33C0 49] iPhone11Pro, [0000017A15CACF00][0000017A15EE7540 49] iPhone11ProMax, [0000017A15C8D900][0000017A15EEB6C0 49] iPhoneSE2, [0000017A15CAD700][0000017A15EEF840 49] iPhone12Mini, [0000017A15C8F800][0000017A15EF39C0 49] iPhone12, [0000017A15CAFE00][0000017A15EF7B40 49] iPhone12Pro, [0000017A15C8FB00][0000017A15EFA140 49] iPhone12ProMax, [0000017A15CAC500][0000017A15EFE2C0 49] iPadPro105, [0000017A15C8DB00][0000017A15F02440 49] iPadPro129, [0000017A15CAD500][0000017A15F065C0 49] iPadPro97, [0000017A15C8E600][0000017A15F0A740 49] iPadPro2_129, [0000017A15CAE500][0000017A15F0E8C0 49] iPad5, [0000017A15C8F400][0000017A15F12A40 49] iPad6, [0000017A15CACA00][0000017A15F16BC0 49] iPad7, [0000017A15C8F700][0000017A15F1AD40 49] iPad8, [0000017A15CAF700][0000017A13D08E80 49] iPadPro11, [0000017A15C8EF00][0000017A15F1EFC0 49] iPadPro2_11, [0000017A15CADB00][0000017A15F23100 49] iPadPro3_129, [0000017A15C8D000][0000017A15F2B280 49] iPadPro4_129, [0000017A15CAED00][0000017A15F2F400 49] AppleTV, [0000017A15C8C600][0000017A15F33580 49] AppleTV4K, [0000017A15CAC600][0000017A15F37700 49] TVOS, [0000017A15C8ED00][0000017A15F3B880 49] Mac, [0000017A15CAE900][0000017A15F3FA00 49] MacClient, [0000017A15C8F000][0000017A15F43B80 49] MacNoEditor, [0000017A15CAD900][0000017A15F46180 49] MacServer, [0000017A15C8CB00][0000017A15F4A300 49] Linux, [0000017A15CAC700][0000017A15F4E480 49] LinuxAArch64, [0000017A15C8D500][0000017A15F52600 49] LinuxNoEditor, [0000017A15CAEF00][0000017A15F56780 49] LinuxAArch64NoEditor, [0000017A15C8D800][0000017A15F5A900 49] LinuxClient, [0000017A15CAF500][0000017A15F5EA80 49] LinuxAArch64Client, [0000017A15C8CA00][0000017A15F62C00 49] LinuxServer, [0000017A15CAD200][0000017A15F66D80 49] LinuxAArch64Server, [0000017A15C8E900][0000017A15F6AF00 49] Android, [0000017A15CAD800][0000017A15F27040 49] Android_Low, [0000017A15C8F600][0000017A15F6F180 49] Android_Mid, [0000017A15CAF200][0000017A15F732C0 49] Android_High, [0000017A15C8D700][0000017A15F7B440 49] Android_Default, [0000017A15CACD00][0000017A15F7F5C0 49] Android_Adreno4xx, [0000017A15C8FC00][0000017A15F83740 49] Android_Adreno5xx_Low, [0000017A14D4F600][0000017A15F878C0 49] Android_Adreno5xx, [0000017A15CDFE00][0000017A15F8BA40 49] Android_Adreno6xx, [0000017A14D4E200][0000017A15F8FBC0 49] Android_Adreno6xx_Vulkan, [0000017A15CDE200][0000017A15F921C0 49] Android_Mali_T6xx, [0000017A14D4F100][0000017A15FCE340 49] Android_Mali_T7xx, [0000017A15CDCE00][0000017A15FD24C0 49] Android_Mali_T8xx, [0000017A14D4D800][0000017A15FD6640 49] Android_Mali_G71, [0000017A15CDC600][0000017A15FDA7C0 49] Android_Mali_G72, [0000017A14D4D600][0000017A15FDE940 49] Android_Mali_G72_Vulkan, [0000017A15CDD500][0000017A15FE2AC0 49] Android_Mali_G76, [0000017A14D4F000][0000017A15FE6C40 49] Android_Mali_G76_Vulkan, [0000017A15CDE300][0000017A15FEADC0 49] Android_Mali_G77, [0000017A14D4DC00][0000017A15FEEF40 49] Android_Mali_G77_Vulkan, [0000017A15CDF600][0000017A15FF30C0 49] Android_Mali_G78, [0000017A14D4CF00][0000017A15F77200 49] Android_Mali_G78_Vulkan, [0000017A15CDE700][0000017A15FF7340 49] Android_Mali_G710, [0000017A14D4E600][0000017A15FFB480 49] Android_Mali_G710_Vulkan, [0000017A15CDFF00][0000017A15FFF5C0 49] Android_Vulkan_SM5, [0000017A14D4DD00][0000017A16007740 49] Android_PowerVR_G6xxx, [0000017A15CDC200][0000017A1600B8C0 49] Android_PowerVR_GT7xxx, [0000017A14D4C700][0000017A1600FA40 49] Android_PowerVR_GE8xxx, [0000017A15CDFC00][0000017A16013BC0 49] Android_PowerVR_GM9xxx, [0000017A14D4DE00][0000017A160161C0 49] Android_PowerVR_GM9xxx_Vulkan, [0000017A15CDD600][0000017A1601A340 49] Android_TegraK1, [0000017A14D4CA00][0000017A1601E4C0 49] Android_Unknown_Vulkan, [0000017A15CDCD00][0000017A16022640 49] Lumin, [0000017A14D4C500][0000017A160267C0 49] Lumin_Desktop, [0000017A15CAF800][0000017A1602A940 49] HoloLens, 
[2022.09.30-14.34.47:461][  0]LogMeshReduction: Using QuadricMeshReduction for automatic static mesh reduction
[2022.09.30-14.34.47:461][  0]LogMeshReduction: Using SimplygonMeshReduction for automatic skeletal mesh reduction
[2022.09.30-14.34.47:461][  0]LogMeshReduction: Using ProxyLODMeshReduction for automatic mesh merging
[2022.09.30-14.34.47:461][  0]LogMeshReduction: No distributed automatic mesh merging module available
[2022.09.30-14.34.47:461][  0]LogMeshMerging: No distributed automatic mesh merging module available
[2022.09.30-14.34.47:501][  0]LogNetVersion: Zero2Hero 1.0.0, NetCL: 17155196, EngineNetVer: 17, GameNetVer: 0 (Checksum: 398791566)
[2022.09.30-14.34.48:513][  0]LogTexture: Default maximum texture size for cubemaps generated from long-lat sources has been changed from 512 to unlimited. In order to preserve old behaiour for '/Engine/MapTemplates/Sky/DaylightAmbientCubemap.DaylightAmbientCubemap', its maximum texture size has been explicitly set to 512.
[2022.09.30-14.34.48:661][  0]LogHMD: PokeAHoleMaterial loaded successfully
[2022.09.30-14.34.48:678][  0]LogUObjectArray: 17178 objects as part of root set at end of initial load.
[2022.09.30-14.34.48:678][  0]LogUObjectAllocator: 4302048 out of 0 bytes used by permanent object pool.
[2022.09.30-14.34.48:678][  0]LogUObjectArray: CloseDisregardForGC: 0/0 objects in disregard for GC pool
[2022.09.30-14.34.49:400][  0]LogNiagaraDebuggerClient: Niagara Debugger Client Initialized | Session: 96B198874E9775C4652083AE76CE4C62 | Instance: 1FC43559468A4280C895578B72691A35 (LAPTOP-FU9EMMB1-2052).
[2022.09.30-14.34.49:719][  0]LogPython: Using Python 3.7.7
[2022.09.30-14.34.51:362][  0]LogUdpMessaging: Initializing bridge on interface 0.0.0.0:0 to multicast group 230.0.0.1:6666.
[2022.09.30-14.34.51:380][  0]LogTcpMessaging: Initializing TcpMessaging bridge
[2022.09.30-14.34.51:824][  0]SourceControl: Source control is disabled
[2022.09.30-14.34.51:824][  0]SourceControl: Source control is disabled
[2022.09.30-14.34.51:831][  0]SourceControl: Source control is disabled
[2022.09.30-14.34.51:838][  0]SourceControl: Source control is disabled
[2022.09.30-14.34.51:863][  0]SourceControl: Source control is disabled
[2022.09.30-14.34.51:878][  0]LogUProjectInfo: Found projects:
[2022.09.30-14.34.52:486][  0]LogOpenImageDenoise: OIDN starting up
[2022.09.30-14.34.52:560][  0]LogAndroidPermission: UAndroidPermissionCallbackProxy::GetInstance
[2022.09.30-14.34.52:621][  0]LogAudioCaptureCore: Display: No Audio Capture implementations found. Audio input will be silent.
[2022.09.30-14.34.52:621][  0]LogAudioCaptureCore: Display: No Audio Capture implementations found. Audio input will be silent.
[2022.09.30-14.34.52:913][  0]LogCollectionManager: Loaded 0 collections in 0.002220 seconds
[2022.09.30-14.34.52:958][  0]LogFileCache: Scanning file cache for directory 'C:/Users/Cameron Chester/Documents/GitHub/Zero2Hero/Zero2Hero/Saved/Collections/' took 0.00s
[2022.09.30-14.34.52:958][  0]LogFileCache: Scanning file cache for directory 'C:/Users/Cameron Chester/Documents/GitHub/Zero2Hero/Zero2Hero/Content/Developers/CameronChester/Collections/' took 0.00s
[2022.09.30-14.34.52:958][  0]LogFileCache: Scanning file cache for directory 'C:/Users/Cameron Chester/Documents/GitHub/Zero2Hero/Zero2Hero/Content/Collections/' took 0.00s
[2022.09.30-14.34.52:958][  0]LogOcInput: OculusInput pre-init called
[2022.09.30-14.34.53:353][  0]LogEngine: Initializing Engine...
[2022.09.30-14.34.53:427][  0]LogHMD: Failed to enumerate extensions. Please check that you have a valid OpenXR runtime installed.
[2022.09.30-14.34.53:428][  0]LogHMD: Failed to initialize OpenVR with code 110
[2022.09.30-14.34.53:429][  0]LogMagicLeap: Warning: VR disabled because ZI is not enabled.  To enable, in the editor, Edit -> Project Settings -> Plugins -> Magic Leap Plugin -> Enable Zero Iteration
[2022.09.30-14.34.53:431][  0]LogStats: UGameplayTagsManager::InitializeManager -  0.000 s
[2022.09.30-14.34.53:651][  0]LogInit: Initializing FReadOnlyCVARCache
[2022.09.30-14.34.53:664][  0]LogAIModule: Creating AISystem for world Untitled
[2022.09.30-14.34.53:684][  0]LogAudio: Display: Initializing Audio Device Manager...
[2022.09.30-14.34.53:690][  0]LogAudio: Display: Loading Default Audio Settings Objects...
[2022.09.30-14.34.53:691][  0]LogAudio: Display: No default SoundConcurrencyObject specified (or failed to load).
[2022.09.30-14.34.53:691][  0]LogAudio: Display: Audio Device Manager Initialized
[2022.09.30-14.34.53:691][  0]LogAudio: Display: Creating Audio Device:                 Id: 1, Scope: Shared, Realtime: True
[2022.09.30-14.34.53:692][  0]LogAudioMixer: Display: Audio Mixer Platform Settings:
[2022.09.30-14.34.53:692][  0]LogAudioMixer: Display: 	Sample Rate:						  48000
[2022.09.30-14.34.53:692][  0]LogAudioMixer: Display: 	Callback Buffer Frame Size Requested: 1024
[2022.09.30-14.34.53:692][  0]LogAudioMixer: Display: 	Callback Buffer Frame Size To Use:	  1024
[2022.09.30-14.34.53:692][  0]LogAudioMixer: Display: 	Number of buffers to queue:			  2
[2022.09.30-14.34.53:692][  0]LogAudioMixer: Display: 	Max Channels (voices):				  32
[2022.09.30-14.34.53:692][  0]LogAudioMixer: Display: 	Number of Async Source Workers:		  0
[2022.09.30-14.34.53:692][  0]LogAudio: Display: AudioDevice MaxSources: 32
[2022.09.30-14.34.53:692][  0]LogAudio: Display: Audio Spatialization Plugin: None (built-in).
[2022.09.30-14.34.53:692][  0]LogAudio: Display: Audio Reverb Plugin: None (built-in).
[2022.09.30-14.34.53:692][  0]LogAudio: Display: Audio Occlusion Plugin: None (built-in).
[2022.09.30-14.34.53:692][  0]LogAudioMixer: Display: Initializing audio mixer.
[2022.09.30-14.34.53:714][  0]LogAudioMixer: Display: 0: FrontLeft
[2022.09.30-14.34.53:714][  0]LogAudioMixer: Display: 1: FrontRight
[2022.09.30-14.34.53:760][  0]LogAudioMixer: Display: Using Audio Device Speakers (Realtek High Definition Audio)
[2022.09.30-14.34.53:766][  0]LogAudioMixer: Display: Initializing Sound Submixes...
[2022.09.30-14.34.53:769][  0]LogAudioMixer: Display: Creating Master Submix 'MasterSubmixDefault'
[2022.09.30-14.34.53:769][  0]LogAudioMixer: Display: Creating Master Submix 'MasterReverbSubmixDefault'
[2022.09.30-14.34.53:770][  0]LogAudioMixer: Display: Creating Master Submix 'MasterEQSubmixDefault'
[2022.09.30-14.34.53:771][  0]LogAudioMixer: FMixerPlatformXAudio2::StartAudioStream() called
[2022.09.30-14.34.53:771][  0]LogAudioMixer: Display: Output buffers initialized: Frames=1024, Channels=2, Samples=2048
[2022.09.30-14.34.53:773][  0]LogAudioMixer: Display: Starting AudioMixerPlatformInterface::RunInternal()
[2022.09.30-14.34.53:773][  0]LogAudioMixer: Display: FMixerPlatformXAudio2::SubmitBuffer() called for the first time
[2022.09.30-14.34.53:773][  0]LogInit: FAudioDevice initialized.
[2022.09.30-14.34.53:774][  0]LogAudio: Display: Audio Device (ID: 1) registered with world 'Untitled'.
[2022.09.30-14.34.53:774][  0]LogNetVersion: Set ProjectVersion to 1.0.0.0. Version Checksum will be recalculated on next use.
[2022.09.30-14.34.53:881][  0]LogDerivedDataCache: Saved boot cache 0.11s 94MB C:/Users/Cameron Chester/AppData/Local/UnrealEngine/4.27/DerivedDataCache/Boot.ddc.
[2022.09.30-14.34.53:882][  0]LogInit: Texture streaming: Enabled
[2022.09.30-14.34.53:901][  0]LogAnalytics: Display: [UEEditor.Rocket.Release] APIServer = https://datarouter.ol.epicgames.com/. AppVersion = 4.27.2-18319896+++UE4+Release-4.27
[2022.09.30-14.34.53:913][  0]LogEngineSessionManager: EngineSessionManager initialized
[2022.09.30-14.34.53:913][  0]LogEditorSessionSummary: Verbose: Initializing EditorSessionSummaryWriter for editor session tracking
[2022.09.30-14.34.53:921][  0]LogEditorSessionSummary: EditorSessionSummaryWriter initialized
[2022.09.30-14.34.53:963][  0]LogInit: Transaction tracking system initialized
[2022.09.30-14.34.53:996][  0]BlueprintLog: New page: Editor Load
[2022.09.30-14.34.54:085][  0]LocalizationService: Localization service is disabled
[2022.09.30-14.34.54:120][  0]TimingProfiler: Initialize
[2022.09.30-14.34.54:120][  0]TimingProfiler: OnSessionChanged
[2022.09.30-14.34.54:120][  0]LoadingProfiler: Initialize
[2022.09.30-14.34.54:120][  0]LoadingProfiler: OnSessionChanged
[2022.09.30-14.34.54:120][  0]NetworkingProfiler: Initialize
[2022.09.30-14.34.54:120][  0]NetworkingProfiler: OnSessionChanged
[2022.09.30-14.34.54:120][  0]MemoryProfiler: Initialize
[2022.09.30-14.34.54:120][  0]MemoryProfiler: OnSessionChanged
[2022.09.30-14.34.54:451][  0]LogFileCache: Scanning file cache for directory 'C:/Users/Cameron Chester/Documents/GitHub/Zero2Hero/Zero2Hero/Content/' took 0.00s
[2022.09.30-14.34.54:451][  0]LogCook: Display: CookSettings for Memory: MemoryMaxUsedVirtual 0MiB, MemoryMaxUsedPhysical 16384MiB, MemoryMinFreeVirtual 0MiB, MemoryMinFreePhysical 1024MiB
[2022.09.30-14.34.54:451][  0]LogCook: Display: Mobile HDR setting 1
[2022.09.30-14.34.55:100][  0]LogInit: Display: Engine is initialized. Leaving FEngineLoop::Init()
[2022.09.30-14.34.55:107][  0]SourceControl: Source control is disabled
[2022.09.30-14.34.55:107][  0]LogUnrealEdMisc: Loading editor; pre map load, took 17.486
[2022.09.30-14.34.55:107][  0]Cmd: MAP LOAD FILE="../../../Engine/Content/Maps/Templates/Template_Default.umap" TEMPLATE=1 SHOWPROGRESS=1 FEATURELEVEL=3
[2022.09.30-14.34.55:108][  0]LightingResults: New page: Lighting Build
[2022.09.30-14.34.55:110][  0]LogWorld: UWorld::CleanupWorld for Untitled, bSessionEnded=true, bCleanupResources=true
[2022.09.30-14.34.55:110][  0]LogSlate: InvalidateAllWidgets triggered.  All widgets were invalidated
[2022.09.30-14.34.55:110][  0]MapCheck: New page: Map Check
[2022.09.30-14.34.55:110][  0]LightingResults: New page: Lighting Build
[2022.09.30-14.34.55:119][  0]LogAudio: Display: Audio Device unregistered from world 'None'.
[2022.09.30-14.34.55:123][  0]LogUObjectHash: Compacting FUObjectHashTables data took   1.04ms
[2022.09.30-14.34.55:240][  0]LogTexture: Display: Building textures: DeprecatedTextureEB9CBE3C423008B5E8E130901E171C89 (BGRA8, 128X128)
[2022.09.30-14.34.55:247][  0]LogAudio: Display: Audio Device (ID: 1) registered with world 'Untitled_1'.
[2022.09.30-14.34.55:249][  0]LogAIModule: Creating AISystem for world Untitled_1
[2022.09.30-14.34.55:258][  0]LogEditorServer: Finished looking for orphan Actors (0.000 secs)
[2022.09.30-14.34.55:272][  0]LogUObjectHash: Compacting FUObjectHashTables data took   1.27ms
[2022.09.30-14.34.55:272][  0]Cmd: MAP CHECKDEP NOCLEARLOG
[2022.09.30-14.34.55:273][  0]MapCheck: Map check complete: 0 Error(s), 0 Warning(s), took 0.318ms to complete.
[2022.09.30-14.34.55:273][  0]LogFileHelpers: Loading map 'Template_Default' took 0.166
[2022.09.30-14.34.55:276][  0]LogUnrealEdMisc: Total Editor Startup Time, took 17.656
[2022.09.30-14.34.55:558][  0]LogSlate: Updating window title bar state: overlay mode, drag disabled, window buttons hidden, title bar hidden
[2022.09.30-14.34.55:573][  0]LogSlate: Updating window title bar state: overlay mode, drag disabled, window buttons hidden, title bar hidden
[2022.09.30-14.34.55:586][  0]LogSlate: Updating window title bar state: overlay mode, drag disabled, window buttons hidden, title bar hidden
[2022.09.30-14.34.55:595][  0]LogSlate: Updating window title bar state: overlay mode, drag disabled, window buttons hidden, title bar hidden
[2022.09.30-14.34.55:686][  0]LogNativeClassHierarchy: Verbose: Native class hierarchy populated in 0.0249 seconds. Added 3823 classes and 930 folders.
[2022.09.30-14.34.55:714][  0]LogNativeClassHierarchy: Verbose: Native class hierarchy updated for 'WidgetCarousel' in 0.0003 seconds. Added 0 classes and 0 folders.
[2022.09.30-14.34.55:737][  0]LogPakFile: PakFile PrimaryIndexSize=187
[2022.09.30-14.34.55:737][  0]LogPakFile: PakFile PathHashIndexSize=101
[2022.09.30-14.34.55:737][  0]LogPakFile: PakFile FullDirectoryIndexSize=148
[2022.09.30-14.34.55:739][  0]LogShaderLibrary: Display: ShaderCodeLibraryPakFileMountedCallback: PakFile 'C:/Program Files/Epic Games/UE_4.27/FeaturePacks/FP_FirstPerson.upack' (chunk index -1, root 'root:/') mounted
[2022.09.30-14.34.55:739][  0]LogShaderLibrary: Display: ShaderCodeLibraryPakFileMountedCallback: pending pak file info (ChunkID:-1 Root:root:/ File:C:/Program Files/Epic Games/UE_4.27/FeaturePacks/FP_FirstPerson.upack)
[2022.09.30-14.34.55:739][  0]LogPakFile: OnPakFileMounted2Time == 0.001729
[2022.09.30-14.34.55:754][  0]LogPakFile: PakFile PrimaryIndexSize=189
[2022.09.30-14.34.55:754][  0]LogPakFile: PakFile PathHashIndexSize=101
[2022.09.30-14.34.55:754][  0]LogPakFile: PakFile FullDirectoryIndexSize=152
[2022.09.30-14.34.55:755][  0]LogShaderLibrary: Display: ShaderCodeLibraryPakFileMountedCallback: PakFile 'C:/Program Files/Epic Games/UE_4.27/FeaturePacks/FP_FirstPersonBP.upack' (chunk index -1, root 'root:/') mounted
[2022.09.30-14.34.55:755][  0]LogShaderLibrary: Display: ShaderCodeLibraryPakFileMountedCallback: pending pak file info (ChunkID:-1 Root:root:/ File:C:/Program Files/Epic Games/UE_4.27/FeaturePacks/FP_FirstPersonBP.upack)
[2022.09.30-14.34.55:755][  0]LogPakFile: OnPakFileMounted2Time == 0.000061
[2022.09.30-14.34.55:764][  0]LogPakFile: PakFile PrimaryIndexSize=191
[2022.09.30-14.34.55:764][  0]LogPakFile: PakFile PathHashIndexSize=101
[2022.09.30-14.34.55:764][  0]LogPakFile: PakFile FullDirectoryIndexSize=160
[2022.09.30-14.34.55:764][  0]LogShaderLibrary: Display: ShaderCodeLibraryPakFileMountedCallback: PakFile 'C:/Program Files/Epic Games/UE_4.27/FeaturePacks/MobileStarterContent.upack' (chunk index -1, root 'root:/') mounted
[2022.09.30-14.34.55:764][  0]LogShaderLibrary: Display: ShaderCodeLibraryPakFileMountedCallback: pending pak file info (ChunkID:-1 Root:root:/ File:C:/Program Files/Epic Games/UE_4.27/FeaturePacks/MobileStarterContent.upack)
[2022.09.30-14.34.55:764][  0]LogPakFile: OnPakFileMounted2Time == 0.000062
[2022.09.30-14.34.55:773][  0]LogPakFile: PakFile PrimaryIndexSize=185
[2022.09.30-14.34.55:773][  0]LogPakFile: PakFile PathHashIndexSize=101
[2022.09.30-14.34.55:773][  0]LogPakFile: PakFile FullDirectoryIndexSize=148
[2022.09.30-14.34.55:773][  0]LogShaderLibrary: Display: ShaderCodeLibraryPakFileMountedCallback: PakFile 'C:/Program Files/Epic Games/UE_4.27/FeaturePacks/StarterContent.upack' (chunk index -1, root 'root:/') mounted
[2022.09.30-14.34.55:774][  0]LogShaderLibrary: Display: ShaderCodeLibraryPakFileMountedCallback: pending pak file info (ChunkID:-1 Root:root:/ File:C:/Program Files/Epic Games/UE_4.27/FeaturePacks/StarterContent.upack)
[2022.09.30-14.34.55:774][  0]LogPakFile: OnPakFileMounted2Time == 0.000061
[2022.09.30-14.34.55:785][  0]LogPakFile: PakFile PrimaryIndexSize=190
[2022.09.30-14.34.55:785][  0]LogPakFile: PakFile PathHashIndexSize=101
[2022.09.30-14.34.55:785][  0]LogPakFile: PakFile FullDirectoryIndexSize=154
[2022.09.30-14.34.55:785][  0]LogShaderLibrary: Display: ShaderCodeLibraryPakFileMountedCallback: PakFile 'C:/Program Files/Epic Games/UE_4.27/FeaturePacks/TP_2DSideScroller.upack' (chunk index -1, root 'root:/') mounted
[2022.09.30-14.34.55:785][  0]LogShaderLibrary: Display: ShaderCodeLibraryPakFileMountedCallback: pending pak file info (ChunkID:-1 Root:root:/ File:C:/Program Files/Epic Games/UE_4.27/FeaturePacks/TP_2DSideScroller.upack)
[2022.09.30-14.34.55:785][  0]LogPakFile: OnPakFileMounted2Time == 0.000054
[2022.09.30-14.34.55:793][  0]LogPakFile: PakFile PrimaryIndexSize=192
[2022.09.30-14.34.55:793][  0]LogPakFile: PakFile PathHashIndexSize=101
[2022.09.30-14.34.55:793][  0]LogPakFile: PakFile FullDirectoryIndexSize=158
[2022.09.30-14.34.55:793][  0]LogShaderLibrary: Display: ShaderCodeLibraryPakFileMountedCallback: PakFile 'C:/Program Files/Epic Games/UE_4.27/FeaturePacks/TP_2DSideScrollerBP.upack' (chunk index -1, root 'root:/') mounted
[2022.09.30-14.34.55:793][  0]LogShaderLibrary: Display: ShaderCodeLibraryPakFileMountedCallback: pending pak file info (ChunkID:-1 Root:root:/ File:C:/Program Files/Epic Games/UE_4.27/FeaturePacks/TP_2DSideScrollerBP.upack)
[2022.09.30-14.34.55:793][  0]LogPakFile: OnPakFileMounted2Time == 0.000061
[2022.09.30-14.34.55:805][  0]LogPakFile: PakFile PrimaryIndexSize=182
[2022.09.30-14.34.55:805][  0]LogPakFile: PakFile PathHashIndexSize=101
[2022.09.30-14.34.55:805][  0]LogPakFile: PakFile FullDirectoryIndexSize=138
[2022.09.30-14.34.55:805][  0]LogShaderLibrary: Display: ShaderCodeLibraryPakFileMountedCallback: PakFile 'C:/Program Files/Epic Games/UE_4.27/FeaturePacks/TP_Flying.upack' (chunk index -1, root 'root:/') mounted
[2022.09.30-14.34.55:805][  0]LogShaderLibrary: Display: ShaderCodeLibraryPakFileMountedCallback: pending pak file info (ChunkID:-1 Root:root:/ File:C:/Program Files/Epic Games/UE_4.27/FeaturePacks/TP_Flying.upack)
[2022.09.30-14.34.55:805][  0]LogPakFile: OnPakFileMounted2Time == 0.000059
[2022.09.30-14.34.55:814][  0]LogPakFile: PakFile PrimaryIndexSize=184
[2022.09.30-14.34.55:814][  0]LogPakFile: PakFile PathHashIndexSize=101
[2022.09.30-14.34.55:814][  0]LogPakFile: PakFile FullDirectoryIndexSize=142
[2022.09.30-14.34.55:814][  0]LogShaderLibrary: Display: ShaderCodeLibraryPakFileMountedCallback: PakFile 'C:/Program Files/Epic Games/UE_4.27/FeaturePacks/TP_FlyingBP.upack' (chunk index -1, root 'root:/') mounted
[2022.09.30-14.34.55:814][  0]LogShaderLibrary: Display: ShaderCodeLibraryPakFileMountedCallback: pending pak file info (ChunkID:-1 Root:root:/ File:C:/Program Files/Epic Games/UE_4.27/FeaturePacks/TP_FlyingBP.upack)
[2022.09.30-14.34.55:814][  0]LogPakFile: OnPakFileMounted2Time == 0.000066
[2022.09.30-14.34.55:825][  0]LogPakFile: PakFile PrimaryIndexSize=188
[2022.09.30-14.34.55:825][  0]LogPakFile: PakFile PathHashIndexSize=101
[2022.09.30-14.34.55:825][  0]LogPakFile: PakFile FullDirectoryIndexSize=150
[2022.09.30-14.34.55:825][  0]LogShaderLibrary: Display: ShaderCodeLibraryPakFileMountedCallback: PakFile 'C:/Program Files/Epic Games/UE_4.27/FeaturePacks/TP_HandheldARBP.upack' (chunk index -1, root 'root:/') mounted
[2022.09.30-14.34.55:825][  0]LogShaderLibrary: Display: ShaderCodeLibraryPakFileMountedCallback: pending pak file info (ChunkID:-1 Root:root:/ File:C:/Program Files/Epic Games/UE_4.27/FeaturePacks/TP_HandheldARBP.upack)
[2022.09.30-14.34.55:825][  0]LogPakFile: OnPakFileMounted2Time == 0.000062
[2022.09.30-14.34.55:838][  0]LogPakFile: PakFile PrimaryIndexSize=182
[2022.09.30-14.34.55:838][  0]LogPakFile: PakFile PathHashIndexSize=101
[2022.09.30-14.34.55:838][  0]LogPakFile: PakFile FullDirectoryIndexSize=138
[2022.09.30-14.34.55:838][  0]LogShaderLibrary: Display: ShaderCodeLibraryPakFileMountedCallback: PakFile 'C:/Program Files/Epic Games/UE_4.27/FeaturePacks/TP_Puzzle.upack' (chunk index -1, root 'root:/') mounted
[2022.09.30-14.34.55:838][  0]LogShaderLibrary: Display: ShaderCodeLibraryPakFileMountedCallback: pending pak file info (ChunkID:-1 Root:root:/ File:C:/Program Files/Epic Games/UE_4.27/FeaturePacks/TP_Puzzle.upack)
[2022.09.30-14.34.55:838][  0]LogPakFile: OnPakFileMounted2Time == 0.000061
[2022.09.30-14.34.55:847][  0]LogPakFile: PakFile PrimaryIndexSize=184
[2022.09.30-14.34.55:847][  0]LogPakFile: PakFile PathHashIndexSize=101
[2022.09.30-14.34.55:847][  0]LogPakFile: PakFile FullDirectoryIndexSize=142
[2022.09.30-14.34.55:847][  0]LogShaderLibrary: Display: ShaderCodeLibraryPakFileMountedCallback: PakFile 'C:/Program Files/Epic Games/UE_4.27/FeaturePacks/TP_PuzzleBP.upack' (chunk index -1, root 'root:/') mounted
[2022.09.30-14.34.55:847][  0]LogShaderLibrary: Display: ShaderCodeLibraryPakFileMountedCallback: pending pak file info (ChunkID:-1 Root:root:/ File:C:/Program Files/Epic Games/UE_4.27/FeaturePacks/TP_PuzzleBP.upack)
[2022.09.30-14.34.55:847][  0]LogPakFile: OnPakFileMounted2Time == 0.000057
[2022.09.30-14.34.55:857][  0]LogPakFile: PakFile PrimaryIndexSize=183
[2022.09.30-14.34.55:857][  0]LogPakFile: PakFile PathHashIndexSize=101
[2022.09.30-14.34.55:857][  0]LogPakFile: PakFile FullDirectoryIndexSize=140
[2022.09.30-14.34.55:857][  0]LogShaderLibrary: Display: ShaderCodeLibraryPakFileMountedCallback: PakFile 'C:/Program Files/Epic Games/UE_4.27/FeaturePacks/TP_Rolling.upack' (chunk index -1, root 'root:/') mounted
[2022.09.30-14.34.55:857][  0]LogShaderLibrary: Display: ShaderCodeLibraryPakFileMountedCallback: pending pak file info (ChunkID:-1 Root:root:/ File:C:/Program Files/Epic Games/UE_4.27/FeaturePacks/TP_Rolling.upack)
[2022.09.30-14.34.55:857][  0]LogPakFile: OnPakFileMounted2Time == 0.000063
[2022.09.30-14.34.55:866][  0]LogPakFile: PakFile PrimaryIndexSize=185
[2022.09.30-14.34.55:866][  0]LogPakFile: PakFile PathHashIndexSize=101
[2022.09.30-14.34.55:866][  0]LogPakFile: PakFile FullDirectoryIndexSize=144
[2022.09.30-14.34.55:866][  0]LogShaderLibrary: Display: ShaderCodeLibraryPakFileMountedCallback: PakFile 'C:/Program Files/Epic Games/UE_4.27/FeaturePacks/TP_RollingBP.upack' (chunk index -1, root 'root:/') mounted
[2022.09.30-14.34.55:866][  0]LogShaderLibrary: Display: ShaderCodeLibraryPakFileMountedCallback: pending pak file info (ChunkID:-1 Root:root:/ File:C:/Program Files/Epic Games/UE_4.27/FeaturePacks/TP_RollingBP.upack)
[2022.09.30-14.34.55:866][  0]LogPakFile: OnPakFileMounted2Time == 0.000068
[2022.09.30-14.34.55:876][  0]LogPakFile: PakFile PrimaryIndexSize=188
[2022.09.30-14.34.55:876][  0]LogPakFile: PakFile PathHashIndexSize=101
[2022.09.30-14.34.55:876][  0]LogPakFile: PakFile FullDirectoryIndexSize=150
[2022.09.30-14.34.55:876][  0]LogShaderLibrary: Display: ShaderCodeLibraryPakFileMountedCallback: PakFile 'C:/Program Files/Epic Games/UE_4.27/FeaturePacks/TP_SideScroller.upack' (chunk index -1, root 'root:/') mounted
[2022.09.30-14.34.55:876][  0]LogShaderLibrary: Display: ShaderCodeLibraryPakFileMountedCallback: pending pak file info (ChunkID:-1 Root:root:/ File:C:/Program Files/Epic Games/UE_4.27/FeaturePacks/TP_SideScroller.upack)
[2022.09.30-14.34.55:876][  0]LogPakFile: OnPakFileMounted2Time == 0.000060
[2022.09.30-14.34.55:887][  0]LogPakFile: PakFile PrimaryIndexSize=190
[2022.09.30-14.34.55:887][  0]LogPakFile: PakFile PathHashIndexSize=101
[2022.09.30-14.34.55:887][  0]LogPakFile: PakFile FullDirectoryIndexSize=154
[2022.09.30-14.34.55:887][  0]LogShaderLibrary: Display: ShaderCodeLibraryPakFileMountedCallback: PakFile 'C:/Program Files/Epic Games/UE_4.27/FeaturePacks/TP_SideScrollerBP.upack' (chunk index -1, root 'root:/') mounted
[2022.09.30-14.34.55:887][  0]LogShaderLibrary: Display: ShaderCodeLibraryPakFileMountedCallback: pending pak file info (ChunkID:-1 Root:root:/ File:C:/Program Files/Epic Games/UE_4.27/FeaturePacks/TP_SideScrollerBP.upack)
[2022.09.30-14.34.55:887][  0]LogPakFile: OnPakFileMounted2Time == 0.000061
[2022.09.30-14.34.55:895][  0]LogPakFile: PakFile PrimaryIndexSize=187
[2022.09.30-14.34.55:895][  0]LogPakFile: PakFile PathHashIndexSize=101
[2022.09.30-14.34.55:895][  0]LogPakFile: PakFile FullDirectoryIndexSize=148
[2022.09.30-14.34.55:895][  0]LogShaderLibrary: Display: ShaderCodeLibraryPakFileMountedCallback: PakFile 'C:/Program Files/Epic Games/UE_4.27/FeaturePacks/TP_ThirdPerson.upack' (chunk index -1, root 'root:/') mounted
[2022.09.30-14.34.55:895][  0]LogShaderLibrary: Display: ShaderCodeLibraryPakFileMountedCallback: pending pak file info (ChunkID:-1 Root:root:/ File:C:/Program Files/Epic Games/UE_4.27/FeaturePacks/TP_ThirdPerson.upack)
[2022.09.30-14.34.55:895][  0]LogPakFile: OnPakFileMounted2Time == 0.000049
[2022.09.30-14.34.55:903][  0]LogPakFile: PakFile PrimaryIndexSize=189
[2022.09.30-14.34.55:903][  0]LogPakFile: PakFile PathHashIndexSize=101
[2022.09.30-14.34.55:903][  0]LogPakFile: PakFile FullDirectoryIndexSize=152
[2022.09.30-14.34.55:903][  0]LogShaderLibrary: Display: ShaderCodeLibraryPakFileMountedCallback: PakFile 'C:/Program Files/Epic Games/UE_4.27/FeaturePacks/TP_ThirdPersonBP.upack' (chunk index -1, root 'root:/') mounted
[2022.09.30-14.34.55:903][  0]LogShaderLibrary: Display: ShaderCodeLibraryPakFileMountedCallback: pending pak file info (ChunkID:-1 Root:root:/ File:C:/Program Files/Epic Games/UE_4.27/FeaturePacks/TP_ThirdPersonBP.upack)
[2022.09.30-14.34.55:903][  0]LogPakFile: OnPakFileMounted2Time == 0.000064
[2022.09.30-14.34.55:912][  0]LogPakFile: PakFile PrimaryIndexSize=183
[2022.09.30-14.34.55:912][  0]LogPakFile: PakFile PathHashIndexSize=101
[2022.09.30-14.34.55:912][  0]LogPakFile: PakFile FullDirectoryIndexSize=140
[2022.09.30-14.34.55:912][  0]LogShaderLibrary: Display: ShaderCodeLibraryPakFileMountedCallback: PakFile 'C:/Program Files/Epic Games/UE_4.27/FeaturePacks/TP_TopDown.upack' (chunk index -1, root 'root:/') mounted
[2022.09.30-14.34.55:912][  0]LogShaderLibrary: Display: ShaderCodeLibraryPakFileMountedCallback: pending pak file info (ChunkID:-1 Root:root:/ File:C:/Program Files/Epic Games/UE_4.27/FeaturePacks/TP_TopDown.upack)
[2022.09.30-14.34.55:912][  0]LogPakFile: OnPakFileMounted2Time == 0.000084
[2022.09.30-14.34.55:922][  0]LogPakFile: PakFile PrimaryIndexSize=185
[2022.09.30-14.34.55:922][  0]LogPakFile: PakFile PathHashIndexSize=101
[2022.09.30-14.34.55:922][  0]LogPakFile: PakFile FullDirectoryIndexSize=144
[2022.09.30-14.34.55:922][  0]LogShaderLibrary: Display: ShaderCodeLibraryPakFileMountedCallback: PakFile 'C:/Program Files/Epic Games/UE_4.27/FeaturePacks/TP_TopDownBP.upack' (chunk index -1, root 'root:/') mounted
[2022.09.30-14.34.55:922][  0]LogShaderLibrary: Display: ShaderCodeLibraryPakFileMountedCallback: pending pak file info (ChunkID:-1 Root:root:/ File:C:/Program Files/Epic Games/UE_4.27/FeaturePacks/TP_TopDownBP.upack)
[2022.09.30-14.34.55:922][  0]LogPakFile: OnPakFileMounted2Time == 0.000075
[2022.09.30-14.34.55:937][  0]LogPakFile: PakFile PrimaryIndexSize=185
[2022.09.30-14.34.55:937][  0]LogPakFile: PakFile PathHashIndexSize=101
[2022.09.30-14.34.55:937][  0]LogPakFile: PakFile FullDirectoryIndexSize=144
[2022.09.30-14.34.55:937][  0]LogShaderLibrary: Display: ShaderCodeLibraryPakFileMountedCallback: PakFile 'C:/Program Files/Epic Games/UE_4.27/FeaturePacks/TP_TwinStick.upack' (chunk index -1, root 'root:/') mounted
[2022.09.30-14.34.55:937][  0]LogShaderLibrary: Display: ShaderCodeLibraryPakFileMountedCallback: pending pak file info (ChunkID:-1 Root:root:/ File:C:/Program Files/Epic Games/UE_4.27/FeaturePacks/TP_TwinStick.upack)
[2022.09.30-14.34.55:937][  0]LogPakFile: OnPakFileMounted2Time == 0.000060
[2022.09.30-14.34.55:946][  0]LogPakFile: PakFile PrimaryIndexSize=187
[2022.09.30-14.34.55:946][  0]LogPakFile: PakFile PathHashIndexSize=101
[2022.09.30-14.34.55:946][  0]LogPakFile: PakFile FullDirectoryIndexSize=148
[2022.09.30-14.34.55:946][  0]LogShaderLibrary: Display: ShaderCodeLibraryPakFileMountedCallback: PakFile 'C:/Program Files/Epic Games/UE_4.27/FeaturePacks/TP_TwinStickBP.upack' (chunk index -1, root 'root:/') mounted
[2022.09.30-14.34.55:946][  0]LogShaderLibrary: Display: ShaderCodeLibraryPakFileMountedCallback: pending pak file info (ChunkID:-1 Root:root:/ File:C:/Program Files/Epic Games/UE_4.27/FeaturePacks/TP_TwinStickBP.upack)
[2022.09.30-14.34.55:946][  0]LogPakFile: OnPakFileMounted2Time == 0.000066
[2022.09.30-14.34.55:955][  0]LogPakFile: PakFile PrimaryIndexSize=183
[2022.09.30-14.34.55:955][  0]LogPakFile: PakFile PathHashIndexSize=101
[2022.09.30-14.34.55:955][  0]LogPakFile: PakFile FullDirectoryIndexSize=140
[2022.09.30-14.34.55:955][  0]LogShaderLibrary: Display: ShaderCodeLibraryPakFileMountedCallback: PakFile 'C:/Program Files/Epic Games/UE_4.27/FeaturePacks/TP_Vehicle.upack' (chunk index -1, root 'root:/') mounted
[2022.09.30-14.34.55:955][  0]LogShaderLibrary: Display: ShaderCodeLibraryPakFileMountedCallback: pending pak file info (ChunkID:-1 Root:root:/ File:C:/Program Files/Epic Games/UE_4.27/FeaturePacks/TP_Vehicle.upack)
[2022.09.30-14.34.55:955][  0]LogPakFile: OnPakFileMounted2Time == 0.000058
[2022.09.30-14.34.55:964][  0]LogPakFile: PakFile PrimaryIndexSize=186
[2022.09.30-14.34.55:964][  0]LogPakFile: PakFile PathHashIndexSize=101
[2022.09.30-14.34.55:964][  0]LogPakFile: PakFile FullDirectoryIndexSize=146
[2022.09.30-14.34.55:964][  0]LogShaderLibrary: Display: ShaderCodeLibraryPakFileMountedCallback: PakFile 'C:/Program Files/Epic Games/UE_4.27/FeaturePacks/TP_VehicleAdv.upack' (chunk index -1, root 'root:/') mounted
[2022.09.30-14.34.55:964][  0]LogShaderLibrary: Display: ShaderCodeLibraryPakFileMountedCallback: pending pak file info (ChunkID:-1 Root:root:/ File:C:/Program Files/Epic Games/UE_4.27/FeaturePacks/TP_VehicleAdv.upack)
[2022.09.30-14.34.55:964][  0]LogPakFile: OnPakFileMounted2Time == 0.000061
[2022.09.30-14.34.55:974][  0]LogPakFile: PakFile PrimaryIndexSize=188
[2022.09.30-14.34.55:974][  0]LogPakFile: PakFile PathHashIndexSize=101
[2022.09.30-14.34.55:974][  0]LogPakFile: PakFile FullDirectoryIndexSize=150
[2022.09.30-14.34.55:974][  0]LogShaderLibrary: Display: ShaderCodeLibraryPakFileMountedCallback: PakFile 'C:/Program Files/Epic Games/UE_4.27/FeaturePacks/TP_VehicleAdvBP.upack' (chunk index -1, root 'root:/') mounted
[2022.09.30-14.34.55:974][  0]LogShaderLibrary: Display: ShaderCodeLibraryPakFileMountedCallback: pending pak file info (ChunkID:-1 Root:root:/ File:C:/Program Files/Epic Games/UE_4.27/FeaturePacks/TP_VehicleAdvBP.upack)
[2022.09.30-14.34.55:974][  0]LogPakFile: OnPakFileMounted2Time == 0.000058
[2022.09.30-14.34.55:984][  0]LogPakFile: PakFile PrimaryIndexSize=185
[2022.09.30-14.34.55:985][  0]LogPakFile: PakFile PathHashIndexSize=101
[2022.09.30-14.34.55:985][  0]LogPakFile: PakFile FullDirectoryIndexSize=144
[2022.09.30-14.34.55:985][  0]LogShaderLibrary: Display: ShaderCodeLibraryPakFileMountedCallback: PakFile 'C:/Program Files/Epic Games/UE_4.27/FeaturePacks/TP_VehicleBP.upack' (chunk index -1, root 'root:/') mounted
[2022.09.30-14.34.55:985][  0]LogShaderLibrary: Display: ShaderCodeLibraryPakFileMountedCallback: pending pak file info (ChunkID:-1 Root:root:/ File:C:/Program Files/Epic Games/UE_4.27/FeaturePacks/TP_VehicleBP.upack)
[2022.09.30-14.34.55:985][  0]LogPakFile: OnPakFileMounted2Time == 0.000131
[2022.09.30-14.34.55:995][  0]LogPakFile: PakFile PrimaryIndexSize=192
[2022.09.30-14.34.55:995][  0]LogPakFile: PakFile PathHashIndexSize=101
[2022.09.30-14.34.55:995][  0]LogPakFile: PakFile FullDirectoryIndexSize=158
[2022.09.30-14.34.55:995][  0]LogShaderLibrary: Display: ShaderCodeLibraryPakFileMountedCallback: PakFile 'C:/Program Files/Epic Games/UE_4.27/FeaturePacks/TP_VirtualRealityBP.upack' (chunk index -1, root 'root:/') mounted
[2022.09.30-14.34.55:995][  0]LogShaderLibrary: Display: ShaderCodeLibraryPakFileMountedCallback: pending pak file info (ChunkID:-1 Root:root:/ File:C:/Program Files/Epic Games/UE_4.27/FeaturePacks/TP_VirtualRealityBP.upack)
[2022.09.30-14.34.55:995][  0]LogPakFile: OnPakFileMounted2Time == 0.000069
[2022.09.30-14.34.56:396][  0]LogNativeClassHierarchy: Verbose: Native class hierarchy updated for 'AddContentDialog' in 0.0003 seconds. Added 0 classes and 0 folders.
[2022.09.30-14.34.56:416][  0]LogNativeClassHierarchy: Verbose: Native class hierarchy updated for 'SceneOutliner' in 0.0003 seconds. Added 2 classes and 0 folders.
[2022.09.30-14.34.56:577][  0]LogSlate: Took 0.000330 seconds to synchronously load lazily loaded font '../../../Engine/Content/Slate/Fonts/Roboto-Regular.ttf' (155K)
[2022.09.30-14.34.56:599][  0]LogSlate: Took 0.019357 seconds to synchronously load lazily loaded font '../../../Engine/Content/Editor/Slate/Fonts/FontAwesome.ttf' (139K)
[2022.09.30-14.34.56:601][  0]LogSlate: Took 0.000187 seconds to synchronously load lazily loaded font '../../../Engine/Content/Slate/Fonts/Roboto-Bold.ttf' (160K)
[2022.09.30-14.34.56:857][  0]LogRenderer: Reallocating scene render targets to support 1208x572 Format 10 NumSamples 1 (Frame:1).
[2022.09.30-14.34.57:028][  0]LogSlate: Took 0.008785 seconds to synchronously load lazily loaded font '../../../Engine/Content/Slate/Fonts/Roboto-Light.ttf' (167K)
[2022.09.30-14.34.57:148][  0]LogNativeClassHierarchy: Verbose: Native class hierarchy updated for 'HierarchicalLODOutliner' in 0.0004 seconds. Added 0 classes and 0 folders.
[2022.09.30-14.34.57:148][  0]LogLoad: (Engine Initialization) Total time: 19.53 seconds
[2022.09.30-14.34.57:148][  0]LogLoad: (Engine Initialization) Total Blueprint compile time: 0.00 seconds
[2022.09.30-14.34.57:224][  0]LogAssetRegistry: Asset discovery search completed in 10.6836 seconds
[2022.09.30-14.34.57:233][  0]LogCollectionManager: Fixed up redirectors for 0 collections in 0.000005 seconds (updated 0 objects)
[2022.09.30-14.34.57:236][  0]LogContentStreaming: Texture pool size now 1000 MB
